#
# There is insufficient memory for the Java Runtime Environment to continue.
# Native memory allocation (mmap) failed to map 61865984 bytes for Failed to commit area from 0x0000000714200000 to 0x0000000717d00000 of length 61865984.
# Possible reasons:
#   The system is out of physical RAM or swap space
#   The process is running with CompressedOops enabled, and the Java Heap may be blocking the growth of the native heap
# Possible solutions:
#   Reduce memory load on the system
#   Increase physical memory or swap space
#   Check if swap backing store is full
#   Decrease Java heap size (-Xmx/-Xms)
#   Decrease number of Java threads
#   Decrease Java thread stack sizes (-Xss)
#   Set larger code cache with -XX:ReservedCodeCacheSize=
#   JVM is running with Zero Based Compressed Oops mode in which the Java heap is
#     placed in the first 32GB address space. The Java Heap base address is the
#     maximum limit for the native heap growth. Please use -XX:HeapBaseMinAddress
#     to set the Java Heap base and to place the Java Heap above 32GB virtual address.
# This output file may be truncated or incomplete.
#
#  Out of Memory Error (./open/src/hotspot/os/windows/os_windows.cpp:3315), pid=8600, tid=7460
#
# JRE version: OpenJDK Runtime Environment (14.0.2+12) (build 14.0.2+12-46)
# Java VM: OpenJDK 64-Bit Server VM (14.0.2+12-46, mixed mode, tiered, compressed oops, g1 gc, windows-amd64)
# No core dump will be written. Minidumps are not enabled by default on client versions of Windows
#

---------------  S U M M A R Y ------------

Command Line: -Dmaven.home=EMBEDDED -Dclassworlds.conf=C:\Users\neil\add_feature_extension\.metadata\.plugins\org.eclipse.m2e.launching\launches\m2conf4320320160251119426.tmp -Dmaven.multiModuleProjectDirectory=C:\Users\neil\git\efbt_change_file_extension\org.eclipse.efbt.controller -Dfile.encoding=Cp1252 -XX:+ShowCodeDetailsInExceptionMessages org.codehaus.plexus.classworlds.launcher.Launcher -B install

Host: Intel(R) Core(TM) i7-6700 CPU @ 3.40GHz, 8 cores, 15G,  Windows 10 , 64 bit Build 19041 (10.0.19041.546)
Time: Wed Oct 28 16:11:14 2020 GMT Standard Time elapsed time: 46 seconds (0d 0h 0m 46s)

---------------  T H R E A D  ---------------

Current thread (0x000001fea7b85000):  VMThread "VM Thread" [stack: 0x0000006a3de00000,0x0000006a3df00000] [id=7460]

Stack: [0x0000006a3de00000,0x0000006a3df00000]
[error occurred during error reporting (printing stack bounds), id 0xc0000005, EXCEPTION_ACCESS_VIOLATION (0xc0000005) at pc=0x000001fe8b5d10ad]

Native frames: (J=compiled Java code, j=interpreted, Vv=VM code, C=native code)
V  [jvm.dll+0x5f8a9a]
V  [jvm.dll+0x74247a]
V  [jvm.dll+0x743c2f]
V  [jvm.dll+0x7441d5]
V  [jvm.dll+0x74418b]
V  [jvm.dll+0x5f7f6f]
V  [jvm.dll+0x5f8738]
C  [ntdll.dll+0xa10ef]
C  [ntdll.dll+0x4b474]
C  [ntdll.dll+0x9fc1e]
C  0x000001fe8b5d10ad

VM_Operation (0x0000006a3d8fbb90): G1TryInitiateConcMark, mode: safepoint, requested by thread 0x000001fe860e9800


---------------  P R O C E S S  ---------------

Threads class SMR info:
_java_thread_list=0x000001feb143dc70, length=33, elements={
0x000001fe860e9800, 0x000001fea7b9a800, 0x000001fea7b9c800, 0x000001fea7bd2800,
0x000001fea7bd5800, 0x000001fea7bd9000, 0x000001fea7be1000, 0x000001fea7bea000,
0x000001fea7bef800, 0x000001fea7da5800, 0x000001fea7db3000, 0x000001feab17d000,
0x000001feab17e800, 0x000001feab17d800, 0x000001feab179000, 0x000001feaac1e000,
0x000001feaac1c800, 0x000001feaac1d800, 0x000001feaac19000, 0x000001feaac1b000,
0x000001feaac1f800, 0x000001feaac1a000, 0x000001feaac22000, 0x000001feaac24000,
0x000001feaac26000, 0x000001feaac24800, 0x000001feaac20800, 0x000001feaac21800,
0x000001feaac1b800, 0x000001feaac23000, 0x000001feaac1f000, 0x000001feab178000,
0x000001feae1c6000
}

Java Threads: ( => current thread )
  0x000001fe860e9800 JavaThread "main" [_thread_blocked, id=18196, stack(0x0000006a3d800000,0x0000006a3d900000)]
  0x000001fea7b9a800 JavaThread "Reference Handler" daemon [_thread_blocked, id=1020, stack(0x0000006a3df00000,0x0000006a3e000000)]
  0x000001fea7b9c800 JavaThread "Finalizer" daemon [_thread_blocked, id=6516, stack(0x0000006a3e000000,0x0000006a3e100000)]
  0x000001fea7bd2800 JavaThread "Signal Dispatcher" daemon [_thread_blocked, id=6596, stack(0x0000006a3e100000,0x0000006a3e200000)]
  0x000001fea7bd5800 JavaThread "Attach Listener" daemon [_thread_blocked, id=3276, stack(0x0000006a3e200000,0x0000006a3e300000)]
  0x000001fea7bd9000 JavaThread "Service Thread" daemon [_thread_blocked, id=18228, stack(0x0000006a3e300000,0x0000006a3e400000)]
  0x000001fea7be1000 JavaThread "C2 CompilerThread0" daemon [_thread_in_native, id=668, stack(0x0000006a3e400000,0x0000006a3e500000)]
  0x000001fea7bea000 JavaThread "C1 CompilerThread0" daemon [_thread_blocked, id=20708, stack(0x0000006a3e500000,0x0000006a3e600000)]
  0x000001fea7bef800 JavaThread "Sweeper thread" daemon [_thread_blocked, id=4332, stack(0x0000006a3e600000,0x0000006a3e700000)]
  0x000001fea7da5800 JavaThread "Notification Thread" daemon [_thread_blocked, id=2788, stack(0x0000006a3e700000,0x0000006a3e800000)]
  0x000001fea7db3000 JavaThread "Common-Cleaner" daemon [_thread_blocked, id=20984, stack(0x0000006a3e900000,0x0000006a3ea00000)]
  0x000001feab17d000 JavaThread "Active Thread: Equinox Container: 356fd917-811c-449a-b614-3cf9fc1e735e" [_thread_blocked, id=9800, stack(0x0000006a3fe00000,0x0000006a3ff00000)]
  0x000001feab17e800 JavaThread "Framework Event Dispatcher: Equinox Container: 356fd917-811c-449a-b614-3cf9fc1e735e" daemon [_thread_blocked, id=17556, stack(0x0000006a3ea00000,0x0000006a3eb00000)]
  0x000001feab17d800 JavaThread "Start Level: Equinox Container: 356fd917-811c-449a-b614-3cf9fc1e735e" daemon [_thread_blocked, id=3756, stack(0x0000006a3eb00000,0x0000006a3ec00000)]
  0x000001feab179000 JavaThread "Refresh Thread: Equinox Container: 356fd917-811c-449a-b614-3cf9fc1e735e" daemon [_thread_blocked, id=4656, stack(0x0000006a40000000,0x0000006a40100000)]
  0x000001feaac1e000 JavaThread "SCR Component Actor" daemon [_thread_blocked, id=13168, stack(0x0000006a40400000,0x0000006a40500000)]
  0x000001feaac1c800 JavaThread "Worker-JM" [_thread_blocked, id=19652, stack(0x0000006a40600000,0x0000006a40700000)]
  0x000001feaac1d800 JavaThread "resolver-1" daemon [_thread_blocked, id=7388, stack(0x0000006a40900000,0x0000006a40a00000)]
  0x000001feaac19000 JavaThread "resolver-2" daemon [_thread_blocked, id=9092, stack(0x0000006a40a00000,0x0000006a40b00000)]
  0x000001feaac1b000 JavaThread "resolver-3" daemon [_thread_blocked, id=10012, stack(0x0000006a40b00000,0x0000006a40c00000)]
  0x000001feaac1f800 JavaThread "resolver-4" daemon [_thread_blocked, id=2908, stack(0x0000006a40c00000,0x0000006a40d00000)]
  0x000001feaac1a000 JavaThread "resolver-5" daemon [_thread_blocked, id=3492, stack(0x0000006a40d00000,0x0000006a40e00000)]
  0x000001feaac22000 JavaThread "Worker-0" [_thread_blocked, id=10164, stack(0x0000006a40e00000,0x0000006a40f00000)]
  0x000001feaac24000 JavaThread "Worker-1" [_thread_blocked, id=19556, stack(0x0000006a40f00000,0x0000006a41000000)]
  0x000001feaac26000 JavaThread "Worker-2" [_thread_blocked, id=20416, stack(0x0000006a41000000,0x0000006a41100000)]
  0x000001feaac24800 JavaThread "Worker-3" [_thread_blocked, id=18592, stack(0x0000006a41200000,0x0000006a41300000)]
  0x000001feaac20800 JavaThread "Provisioning Event Dispatcher" daemon [_thread_blocked, id=13340, stack(0x0000006a3ff00000,0x0000006a40000000)]
  0x000001feaac21800 JavaThread "EMF Reference Cleaner" daemon [_thread_blocked, id=16824, stack(0x0000006a3f900000,0x0000006a3fa00000)]
  0x000001feaac1b800 JavaThread "com.google.inject.internal.util.$Finalizer" daemon [_thread_blocked, id=10864, stack(0x0000006a3fb00000,0x0000006a3fc00000)]
  0x000001feaac23000 JavaThread "EMF Reference Cleaner" daemon [_thread_blocked, id=17240, stack(0x0000006a3f200000,0x0000006a3f300000)]
  0x000001feaac1f000 JavaThread "com.google.inject.internal.util.$Finalizer" daemon [_thread_blocked, id=6224, stack(0x0000006a3fc00000,0x0000006a3fd00000)]
  0x000001feab178000 JavaThread "Timer-1" [_thread_blocked, id=19944, stack(0x0000006a3fa00000,0x0000006a3fb00000)]
  0x000001feae1c6000 JavaThread "C2 CompilerThread1" daemon [_thread_blocked, id=14456, stack(0x0000006a3f800000,0x0000006a3f900000)]

Other Threads:
=>0x000001fea7b85000 VMThread "VM Thread" [stack: 0x0000006a3de00000,0x0000006a3df00000] [id=7460]
  0x000001fea7da6800 WatcherThread [stack: 0x0000006a3e800000,0x0000006a3e900000] [id=14424]
  0x000001fe86153000 GCTaskThread "GC Thread#0" [stack: 0x0000006a3d900000,0x0000006a3da00000] [id=11888]
  0x000001fea8f7d000 GCTaskThread "GC Thread#1" [stack: 0x0000006a3ec00000,0x0000006a3ed00000] [id=14060]
  0x000001fea8f7e000 GCTaskThread "GC Thread#2" [stack: 0x0000006a3ed00000,0x0000006a3ee00000] [id=4580]
  0x000001fea902b000 GCTaskThread "GC Thread#3" [stack: 0x0000006a3ee00000,0x0000006a3ef00000] [id=2056]
  0x000001fea902c000 GCTaskThread "GC Thread#4" [stack: 0x0000006a3ef00000,0x0000006a3f000000] [id=17076]
  0x000001fea902c800 GCTaskThread "GC Thread#5" [stack: 0x0000006a3f000000,0x0000006a3f100000] [id=17488]
  0x000001feaa8f1800 GCTaskThread "GC Thread#6" [stack: 0x0000006a40700000,0x0000006a40800000] [id=15604]
  0x000001feaa8f0800 GCTaskThread "GC Thread#7" [stack: 0x0000006a40800000,0x0000006a40900000] [id=2260]
  0x000001fe86175800 ConcurrentGCThread "G1 Main Marker" [stack: 0x0000006a3da00000,0x0000006a3db00000] [id=7624]
  0x000001fe86177000 ConcurrentGCThread "G1 Conc#0" [stack: 0x0000006a3db00000,0x0000006a3dc00000] [id=14408]
  0x000001feaa8f2000 ConcurrentGCThread "G1 Conc#1" [stack: 0x0000006a3f100000,0x0000006a3f200000] [id=15296]
  0x000001fea71a4800 ConcurrentGCThread "G1 Refine#0" [stack: 0x0000006a3dc00000,0x0000006a3dd00000] [id=9568]
  0x000001fea8eb7800 ConcurrentGCThread "G1 Refine#1" [stack: 0x0000006a3f400000,0x0000006a3f500000] [id=4120]
  0x000001fea8eb8800 ConcurrentGCThread "G1 Refine#2" [stack: 0x0000006a3f500000,0x0000006a3f600000] [id=15132]
  0x000001fea8eb9800 ConcurrentGCThread "G1 Refine#3" [stack: 0x0000006a3f600000,0x0000006a3f700000] [id=15744]
  0x000001fea71a5800 ConcurrentGCThread "G1 Young RemSet Sampling" [stack: 0x0000006a3dd00000,0x0000006a3de00000] [id=18512]

Threads with active compile tasks:
C2 CompilerThread0    46308 16306   !   4       org.eclipse.jdt.internal.compiler.parser.Scanner::getNextToken0 (3938 bytes)
C2 CompilerThread1    46309 16310 %s    4       org.eclipse.jdt.internal.compiler.batch.ClasspathJar::getModulesDeclaringPackage @ 59 (104 bytes)

VM state:at safepoint (normal execution)

VM Mutex/Monitor currently owned by a thread:  ([mutex/lock_event])
[0x000001fe860e5250] Threads_lock - owner thread: 0x000001fea7b85000
[0x000001fe860e4950] Heap_lock - owner thread: 0x000001fe860e9800

Heap address: 0x0000000701e00000, size: 4066 MB, Compressed Oops mode: Zero based, Oop shift amount: 3
Narrow klass base: 0x0000000800000000, Narrow klass shift: 0
Compressed class space size: 1073741824 Address: 0x0000000800000000

Heap:
 garbage-first heap   total 359424K, used 136203K [0x0000000701e00000, 0x0000000800000000)
  region size 1024K, 10 young (10240K), 10 survivors (10240K)
 Metaspace       used 108618K, capacity 112159K, committed 112304K, reserved 1148928K
  class space    used 12306K, capacity 13544K, committed 13568K, reserved 1048576K
Heap Regions: E=young(eden), S=young(survivor), O=old, HS=humongous(starts), HC=humongous(continues), CS=collection set, F=free, OA=open archive, CA=closed archive, TAMS=top-at-mark-start (previous, next)
|   0|0x0000000701e00000, 0x0000000701f00000, 0x0000000701f00000|100%| O|  |TAMS 0x0000000701f00000, 0x0000000701f00000| Untracked 
|   1|0x0000000701f00000, 0x0000000702000000, 0x0000000702000000|100%| O|  |TAMS 0x0000000702000000, 0x0000000702000000| Untracked 
|   2|0x0000000702000000, 0x0000000702100000, 0x0000000702100000|100%| O|  |TAMS 0x0000000702100000, 0x0000000702100000| Untracked 
|   3|0x0000000702100000, 0x0000000702200000, 0x0000000702200000|100%| O|  |TAMS 0x0000000702200000, 0x0000000702200000| Untracked 
|   4|0x0000000702200000, 0x0000000702300000, 0x0000000702300000|100%| O|  |TAMS 0x0000000702300000, 0x0000000702300000| Untracked 
|   5|0x0000000702300000, 0x0000000702400000, 0x0000000702400000|100%| O|  |TAMS 0x0000000702400000, 0x0000000702400000| Untracked 
|   6|0x0000000702400000, 0x0000000702500000, 0x0000000702500000|100%| O|  |TAMS 0x0000000702500000, 0x0000000702500000| Untracked 
|   7|0x0000000702500000, 0x0000000702600000, 0x0000000702600000|100%| O|  |TAMS 0x0000000702600000, 0x0000000702600000| Untracked 
|   8|0x0000000702600000, 0x0000000702700000, 0x0000000702700000|100%| O|  |TAMS 0x0000000702700000, 0x0000000702700000| Untracked 
|   9|0x0000000702700000, 0x0000000702800000, 0x0000000702800000|100%| O|  |TAMS 0x0000000702800000, 0x0000000702800000| Untracked 
|  10|0x0000000702800000, 0x0000000702900000, 0x0000000702900000|100%| O|  |TAMS 0x0000000702900000, 0x0000000702900000| Untracked 
|  11|0x0000000702900000, 0x0000000702a00000, 0x0000000702a00000|100%| O|  |TAMS 0x0000000702a00000, 0x0000000702a00000| Untracked 
|  12|0x0000000702a00000, 0x0000000702b00000, 0x0000000702b00000|100%| O|  |TAMS 0x0000000702b00000, 0x0000000702b00000| Untracked 
|  13|0x0000000702b00000, 0x0000000702c00000, 0x0000000702c00000|100%| O|  |TAMS 0x0000000702c00000, 0x0000000702c00000| Untracked 
|  14|0x0000000702c00000, 0x0000000702d00000, 0x0000000702d00000|100%| O|  |TAMS 0x0000000702d00000, 0x0000000702d00000| Untracked 
|  15|0x0000000702d00000, 0x0000000702e00000, 0x0000000702e00000|100%| O|  |TAMS 0x0000000702e00000, 0x0000000702e00000| Untracked 
|  16|0x0000000702e00000, 0x0000000702f00000, 0x0000000702f00000|100%| O|  |TAMS 0x0000000702f00000, 0x0000000702f00000| Untracked 
|  17|0x0000000702f00000, 0x0000000703000000, 0x0000000703000000|100%| O|  |TAMS 0x0000000703000000, 0x0000000703000000| Untracked 
|  18|0x0000000703000000, 0x0000000703100000, 0x0000000703100000|100%| O|  |TAMS 0x0000000703100000, 0x0000000703100000| Untracked 
|  19|0x0000000703100000, 0x0000000703200000, 0x0000000703200000|100%| O|  |TAMS 0x0000000703200000, 0x0000000703200000| Untracked 
|  20|0x0000000703200000, 0x0000000703300000, 0x0000000703300000|100%| O|  |TAMS 0x0000000703300000, 0x0000000703300000| Untracked 
|  21|0x0000000703300000, 0x0000000703400000, 0x0000000703400000|100%| O|  |TAMS 0x0000000703400000, 0x0000000703400000| Untracked 
|  22|0x0000000703400000, 0x0000000703500000, 0x0000000703500000|100%| O|  |TAMS 0x0000000703500000, 0x0000000703500000| Untracked 
|  23|0x0000000703500000, 0x0000000703600000, 0x0000000703600000|100%| O|  |TAMS 0x0000000703600000, 0x0000000703600000| Untracked 
|  24|0x0000000703600000, 0x0000000703700000, 0x0000000703700000|100%| O|  |TAMS 0x0000000703700000, 0x0000000703700000| Untracked 
|  25|0x0000000703700000, 0x0000000703800000, 0x0000000703800000|100%| O|  |TAMS 0x0000000703800000, 0x0000000703800000| Untracked 
|  26|0x0000000703800000, 0x0000000703900000, 0x0000000703900000|100%| O|  |TAMS 0x0000000703900000, 0x0000000703900000| Untracked 
|  27|0x0000000703900000, 0x0000000703a00000, 0x0000000703a00000|100%| O|  |TAMS 0x0000000703a00000, 0x0000000703a00000| Untracked 
|  28|0x0000000703a00000, 0x0000000703b00000, 0x0000000703b00000|100%| O|  |TAMS 0x0000000703b00000, 0x0000000703b00000| Untracked 
|  29|0x0000000703b00000, 0x0000000703c00000, 0x0000000703c00000|100%| O|  |TAMS 0x0000000703c00000, 0x0000000703c00000| Untracked 
|  30|0x0000000703c00000, 0x0000000703d00000, 0x0000000703d00000|100%| O|  |TAMS 0x0000000703d00000, 0x0000000703d00000| Untracked 
|  31|0x0000000703d00000, 0x0000000703e00000, 0x0000000703e00000|100%| O|  |TAMS 0x0000000703e00000, 0x0000000703e00000| Untracked 
|  32|0x0000000703e00000, 0x0000000703f00000, 0x0000000703f00000|100%| O|  |TAMS 0x0000000703f00000, 0x0000000703f00000| Untracked 
|  33|0x0000000703f00000, 0x0000000704000000, 0x0000000704000000|100%| O|  |TAMS 0x0000000704000000, 0x0000000704000000| Untracked 
|  34|0x0000000704000000, 0x0000000704100000, 0x0000000704100000|100%| O|  |TAMS 0x0000000704100000, 0x0000000704100000| Untracked 
|  35|0x0000000704100000, 0x0000000704200000, 0x0000000704200000|100%| O|  |TAMS 0x0000000704200000, 0x0000000704200000| Untracked 
|  36|0x0000000704200000, 0x0000000704300000, 0x0000000704300000|100%| O|  |TAMS 0x0000000704300000, 0x0000000704300000| Untracked 
|  37|0x0000000704300000, 0x0000000704400000, 0x0000000704400000|100%| O|  |TAMS 0x0000000704400000, 0x0000000704400000| Untracked 
|  38|0x0000000704400000, 0x0000000704500000, 0x0000000704500000|100%| O|  |TAMS 0x0000000704500000, 0x0000000704500000| Untracked 
|  39|0x0000000704500000, 0x0000000704600000, 0x0000000704600000|100%| O|  |TAMS 0x0000000704600000, 0x0000000704600000| Untracked 
|  40|0x0000000704600000, 0x0000000704700000, 0x0000000704700000|100%| O|  |TAMS 0x0000000704700000, 0x0000000704700000| Untracked 
|  41|0x0000000704700000, 0x0000000704800000, 0x0000000704800000|100%| O|  |TAMS 0x0000000704800000, 0x0000000704800000| Untracked 
|  42|0x0000000704800000, 0x0000000704900000, 0x0000000704900000|100%| O|  |TAMS 0x0000000704900000, 0x0000000704900000| Untracked 
|  43|0x0000000704900000, 0x0000000704a00000, 0x0000000704a00000|100%| O|  |TAMS 0x0000000704a00000, 0x0000000704a00000| Untracked 
|  44|0x0000000704a00000, 0x0000000704b00000, 0x0000000704b00000|100%| O|  |TAMS 0x0000000704b00000, 0x0000000704b00000| Untracked 
|  45|0x0000000704b00000, 0x0000000704c00000, 0x0000000704c00000|100%| O|  |TAMS 0x0000000704c00000, 0x0000000704c00000| Untracked 
|  46|0x0000000704c00000, 0x0000000704d00000, 0x0000000704d00000|100%| O|  |TAMS 0x0000000704d00000, 0x0000000704d00000| Untracked 
|  47|0x0000000704d00000, 0x0000000704e00000, 0x0000000704e00000|100%| O|  |TAMS 0x0000000704e00000, 0x0000000704e00000| Untracked 
|  48|0x0000000704e00000, 0x0000000704f00000, 0x0000000704f00000|100%| O|  |TAMS 0x0000000704f00000, 0x0000000704f00000| Untracked 
|  49|0x0000000704f00000, 0x0000000705000000, 0x0000000705000000|100%| O|  |TAMS 0x0000000705000000, 0x0000000705000000| Untracked 
|  50|0x0000000705000000, 0x0000000705100000, 0x0000000705100000|100%| O|  |TAMS 0x0000000705100000, 0x0000000705100000| Untracked 
|  51|0x0000000705100000, 0x0000000705200000, 0x0000000705200000|100%| O|  |TAMS 0x0000000705200000, 0x0000000705200000| Untracked 
|  52|0x0000000705200000, 0x0000000705300000, 0x0000000705300000|100%| O|  |TAMS 0x0000000705300000, 0x0000000705300000| Untracked 
|  53|0x0000000705300000, 0x0000000705400000, 0x0000000705400000|100%| O|  |TAMS 0x0000000705400000, 0x0000000705400000| Untracked 
|  54|0x0000000705400000, 0x0000000705500000, 0x0000000705500000|100%| O|  |TAMS 0x0000000705500000, 0x0000000705500000| Untracked 
|  55|0x0000000705500000, 0x0000000705600000, 0x0000000705600000|100%| O|  |TAMS 0x0000000705600000, 0x0000000705600000| Untracked 
|  56|0x0000000705600000, 0x0000000705700000, 0x0000000705700000|100%| O|  |TAMS 0x0000000705700000, 0x0000000705700000| Untracked 
|  57|0x0000000705700000, 0x0000000705800000, 0x0000000705800000|100%| O|  |TAMS 0x0000000705800000, 0x0000000705800000| Untracked 
|  58|0x0000000705800000, 0x0000000705900000, 0x0000000705900000|100%| O|  |TAMS 0x0000000705900000, 0x0000000705900000| Untracked 
|  59|0x0000000705900000, 0x0000000705a00000, 0x0000000705a00000|100%| O|  |TAMS 0x0000000705a00000, 0x0000000705a00000| Untracked 
|  60|0x0000000705a00000, 0x0000000705b00000, 0x0000000705b00000|100%| O|  |TAMS 0x0000000705b00000, 0x0000000705b00000| Untracked 
|  61|0x0000000705b00000, 0x0000000705c00000, 0x0000000705c00000|100%| O|  |TAMS 0x0000000705c00000, 0x0000000705c00000| Untracked 
|  62|0x0000000705c00000, 0x0000000705d00000, 0x0000000705d00000|100%| O|  |TAMS 0x0000000705d00000, 0x0000000705d00000| Untracked 
|  63|0x0000000705d00000, 0x0000000705e00000, 0x0000000705e00000|100%| O|  |TAMS 0x0000000705e00000, 0x0000000705e00000| Untracked 
|  64|0x0000000705e00000, 0x0000000705f00000, 0x0000000705f00000|100%| O|  |TAMS 0x0000000705f00000, 0x0000000705f00000| Untracked 
|  65|0x0000000705f00000, 0x0000000706000000, 0x0000000706000000|100%| O|  |TAMS 0x0000000706000000, 0x0000000706000000| Untracked 
|  66|0x0000000706000000, 0x0000000706100000, 0x0000000706100000|100%| O|  |TAMS 0x0000000706100000, 0x0000000706100000| Untracked 
|  67|0x0000000706100000, 0x0000000706200000, 0x0000000706200000|100%| O|  |TAMS 0x0000000706200000, 0x0000000706200000| Untracked 
|  68|0x0000000706200000, 0x0000000706300000, 0x0000000706300000|100%| O|  |TAMS 0x0000000706300000, 0x0000000706300000| Untracked 
|  69|0x0000000706300000, 0x0000000706400000, 0x0000000706400000|100%| O|  |TAMS 0x0000000706400000, 0x0000000706400000| Untracked 
|  70|0x0000000706400000, 0x0000000706500000, 0x0000000706500000|100%| O|  |TAMS 0x0000000706500000, 0x0000000706500000| Untracked 
|  71|0x0000000706500000, 0x0000000706600000, 0x0000000706600000|100%| O|  |TAMS 0x0000000706600000, 0x0000000706600000| Untracked 
|  72|0x0000000706600000, 0x0000000706700000, 0x0000000706700000|100%| O|  |TAMS 0x0000000706700000, 0x0000000706700000| Untracked 
|  73|0x0000000706700000, 0x0000000706800000, 0x0000000706800000|100%| O|  |TAMS 0x0000000706800000, 0x0000000706800000| Untracked 
|  74|0x0000000706800000, 0x0000000706900000, 0x0000000706900000|100%| O|  |TAMS 0x0000000706900000, 0x0000000706900000| Untracked 
|  75|0x0000000706900000, 0x0000000706a00000, 0x0000000706a00000|100%| O|  |TAMS 0x0000000706a00000, 0x0000000706a00000| Untracked 
|  76|0x0000000706a00000, 0x0000000706b00000, 0x0000000706b00000|100%| O|  |TAMS 0x0000000706b00000, 0x0000000706b00000| Untracked 
|  77|0x0000000706b00000, 0x0000000706c00000, 0x0000000706c00000|100%| O|  |TAMS 0x0000000706c00000, 0x0000000706c00000| Untracked 
|  78|0x0000000706c00000, 0x0000000706d00000, 0x0000000706d00000|100%| O|  |TAMS 0x0000000706d00000, 0x0000000706d00000| Untracked 
|  79|0x0000000706d00000, 0x0000000706e00000, 0x0000000706e00000|100%| O|  |TAMS 0x0000000706e00000, 0x0000000706e00000| Untracked 
|  80|0x0000000706e00000, 0x0000000706f00000, 0x0000000706f00000|100%| O|  |TAMS 0x0000000706f00000, 0x0000000706f00000| Untracked 
|  81|0x0000000706f00000, 0x0000000707000000, 0x0000000707000000|100%| O|  |TAMS 0x0000000707000000, 0x0000000707000000| Untracked 
|  82|0x0000000707000000, 0x0000000707100000, 0x0000000707100000|100%| O|  |TAMS 0x0000000707100000, 0x0000000707100000| Untracked 
|  83|0x0000000707100000, 0x0000000707200000, 0x0000000707200000|100%| O|  |TAMS 0x0000000707200000, 0x0000000707200000| Untracked 
|  84|0x0000000707200000, 0x0000000707300000, 0x0000000707300000|100%| O|  |TAMS 0x0000000707300000, 0x0000000707300000| Untracked 
|  85|0x0000000707300000, 0x0000000707400000, 0x0000000707400000|100%| O|  |TAMS 0x0000000707400000, 0x0000000707400000| Untracked 
|  86|0x0000000707400000, 0x0000000707500000, 0x0000000707500000|100%| O|  |TAMS 0x0000000707500000, 0x0000000707500000| Untracked 
|  87|0x0000000707500000, 0x0000000707600000, 0x0000000707600000|100%| O|  |TAMS 0x0000000707600000, 0x0000000707600000| Untracked 
|  88|0x0000000707600000, 0x0000000707700000, 0x0000000707700000|100%| O|  |TAMS 0x0000000707700000, 0x0000000707700000| Untracked 
|  89|0x0000000707700000, 0x0000000707800000, 0x0000000707800000|100%| O|  |TAMS 0x0000000707800000, 0x0000000707800000| Untracked 
|  90|0x0000000707800000, 0x0000000707900000, 0x0000000707900000|100%| O|  |TAMS 0x0000000707900000, 0x0000000707900000| Untracked 
|  91|0x0000000707900000, 0x0000000707a00000, 0x0000000707a00000|100%| O|  |TAMS 0x0000000707a00000, 0x0000000707a00000| Untracked 
|  92|0x0000000707a00000, 0x0000000707b00000, 0x0000000707b00000|100%| O|  |TAMS 0x0000000707b00000, 0x0000000707b00000| Untracked 
|  93|0x0000000707b00000, 0x0000000707c00000, 0x0000000707c00000|100%| O|  |TAMS 0x0000000707c00000, 0x0000000707c00000| Untracked 
|  94|0x0000000707c00000, 0x0000000707d00000, 0x0000000707d00000|100%| O|  |TAMS 0x0000000707d00000, 0x0000000707d00000| Untracked 
|  95|0x0000000707d00000, 0x0000000707e00000, 0x0000000707e00000|100%| O|  |TAMS 0x0000000707e00000, 0x0000000707e00000| Untracked 
|  96|0x0000000707e00000, 0x0000000707f00000, 0x0000000707f00000|100%| O|  |TAMS 0x0000000707f00000, 0x0000000707f00000| Untracked 
|  97|0x0000000707f00000, 0x0000000708000000, 0x0000000708000000|100%| O|  |TAMS 0x0000000708000000, 0x0000000708000000| Untracked 
|  98|0x0000000708000000, 0x0000000708100000, 0x0000000708100000|100%| O|  |TAMS 0x0000000708100000, 0x0000000708100000| Untracked 
|  99|0x0000000708100000, 0x0000000708200000, 0x0000000708200000|100%| O|  |TAMS 0x0000000708200000, 0x0000000708200000| Untracked 
| 100|0x0000000708200000, 0x0000000708300000, 0x0000000708300000|100%| O|  |TAMS 0x0000000708300000, 0x0000000708300000| Untracked 
| 101|0x0000000708300000, 0x0000000708400000, 0x0000000708400000|100%| O|  |TAMS 0x0000000708400000, 0x0000000708400000| Untracked 
| 102|0x0000000708400000, 0x0000000708500000, 0x0000000708500000|100%| O|  |TAMS 0x0000000708500000, 0x0000000708500000| Untracked 
| 103|0x0000000708500000, 0x0000000708600000, 0x0000000708600000|100%| O|  |TAMS 0x0000000708600000, 0x0000000708600000| Untracked 
| 104|0x0000000708600000, 0x0000000708700000, 0x0000000708700000|100%| O|  |TAMS 0x0000000708700000, 0x0000000708700000| Untracked 
| 105|0x0000000708700000, 0x0000000708800000, 0x0000000708800000|100%| O|  |TAMS 0x0000000708800000, 0x0000000708800000| Untracked 
| 106|0x0000000708800000, 0x0000000708900000, 0x0000000708900000|100%| O|  |TAMS 0x0000000708900000, 0x0000000708900000| Untracked 
| 107|0x0000000708900000, 0x0000000708a00000, 0x0000000708a00000|100%| O|  |TAMS 0x0000000708a00000, 0x0000000708a00000| Untracked 
| 108|0x0000000708a00000, 0x0000000708b00000, 0x0000000708b00000|100%| O|  |TAMS 0x0000000708b00000, 0x0000000708b00000| Untracked 
| 109|0x0000000708b00000, 0x0000000708c00000, 0x0000000708c00000|100%| O|  |TAMS 0x0000000708c00000, 0x0000000708c00000| Untracked 
| 110|0x0000000708c00000, 0x0000000708d00000, 0x0000000708d00000|100%| O|  |TAMS 0x0000000708d00000, 0x0000000708d00000| Untracked 
| 111|0x0000000708d00000, 0x0000000708e00000, 0x0000000708e00000|100%| O|  |TAMS 0x0000000708e00000, 0x0000000708e00000| Untracked 
| 112|0x0000000708e00000, 0x0000000708f00000, 0x0000000708f00000|100%| O|  |TAMS 0x0000000708f00000, 0x0000000708f00000| Untracked 
| 113|0x0000000708f00000, 0x0000000709000000, 0x0000000709000000|100%| O|  |TAMS 0x0000000709000000, 0x0000000709000000| Untracked 
| 114|0x0000000709000000, 0x0000000709100000, 0x0000000709100000|100%| O|  |TAMS 0x0000000709100000, 0x0000000709100000| Untracked 
| 115|0x0000000709100000, 0x0000000709200000, 0x0000000709200000|100%| O|  |TAMS 0x0000000709200000, 0x0000000709200000| Untracked 
| 116|0x0000000709200000, 0x0000000709300000, 0x0000000709300000|100%| O|  |TAMS 0x0000000709300000, 0x0000000709300000| Untracked 
| 117|0x0000000709300000, 0x0000000709300000, 0x0000000709400000|  0%| F|  |TAMS 0x0000000709300000, 0x0000000709300000| Untracked 
| 118|0x0000000709400000, 0x0000000709400000, 0x0000000709500000|  0%| F|  |TAMS 0x0000000709400000, 0x0000000709400000| Untracked 
| 119|0x0000000709500000, 0x0000000709500000, 0x0000000709600000|  0%| F|  |TAMS 0x0000000709500000, 0x0000000709500000| Untracked 
| 120|0x0000000709600000, 0x0000000709700000, 0x0000000709700000|100%|HS|  |TAMS 0x0000000709600000, 0x0000000709700000| Complete 
| 121|0x0000000709700000, 0x0000000709700000, 0x0000000709800000|  0%| F|  |TAMS 0x0000000709700000, 0x0000000709700000| Untracked 
| 122|0x0000000709800000, 0x0000000709800000, 0x0000000709900000|  0%| F|  |TAMS 0x0000000709800000, 0x0000000709800000| Untracked 
| 123|0x0000000709900000, 0x0000000709900000, 0x0000000709a00000|  0%| F|  |TAMS 0x0000000709900000, 0x0000000709900000| Untracked 
| 124|0x0000000709a00000, 0x0000000709a00000, 0x0000000709b00000|  0%| F|  |TAMS 0x0000000709a00000, 0x0000000709a00000| Untracked 
| 125|0x0000000709b00000, 0x0000000709b00000, 0x0000000709c00000|  0%| F|  |TAMS 0x0000000709b00000, 0x0000000709b00000| Untracked 
| 126|0x0000000709c00000, 0x0000000709c00000, 0x0000000709d00000|  0%| F|  |TAMS 0x0000000709c00000, 0x0000000709c00000| Untracked 
| 127|0x0000000709d00000, 0x0000000709d00000, 0x0000000709e00000|  0%| F|  |TAMS 0x0000000709d00000, 0x0000000709d00000| Untracked 
| 128|0x0000000709e00000, 0x0000000709e00000, 0x0000000709f00000|  0%| F|  |TAMS 0x0000000709e00000, 0x0000000709e00000| Untracked 
| 129|0x0000000709f00000, 0x0000000709f00000, 0x000000070a000000|  0%| F|  |TAMS 0x0000000709f00000, 0x0000000709f00000| Untracked 
| 130|0x000000070a000000, 0x000000070a000000, 0x000000070a100000|  0%| F|  |TAMS 0x000000070a000000, 0x000000070a000000| Untracked 
| 131|0x000000070a100000, 0x000000070a100000, 0x000000070a200000|  0%| F|  |TAMS 0x000000070a100000, 0x000000070a100000| Untracked 
| 132|0x000000070a200000, 0x000000070a200000, 0x000000070a300000|  0%| F|  |TAMS 0x000000070a200000, 0x000000070a200000| Untracked 
| 133|0x000000070a300000, 0x000000070a300000, 0x000000070a400000|  0%| F|  |TAMS 0x000000070a300000, 0x000000070a300000| Untracked 
| 134|0x000000070a400000, 0x000000070a400000, 0x000000070a500000|  0%| F|  |TAMS 0x000000070a400000, 0x000000070a400000| Untracked 
| 135|0x000000070a500000, 0x000000070a500000, 0x000000070a600000|  0%| F|  |TAMS 0x000000070a500000, 0x000000070a500000| Untracked 
| 136|0x000000070a600000, 0x000000070a600000, 0x000000070a700000|  0%| F|  |TAMS 0x000000070a600000, 0x000000070a600000| Untracked 
| 137|0x000000070a700000, 0x000000070a700000, 0x000000070a800000|  0%| F|  |TAMS 0x000000070a700000, 0x000000070a700000| Untracked 
| 138|0x000000070a800000, 0x000000070a800000, 0x000000070a900000|  0%| F|  |TAMS 0x000000070a800000, 0x000000070a800000| Untracked 
| 139|0x000000070a900000, 0x000000070a900000, 0x000000070aa00000|  0%| F|  |TAMS 0x000000070a900000, 0x000000070a900000| Untracked 
| 140|0x000000070aa00000, 0x000000070aa00000, 0x000000070ab00000|  0%| F|  |TAMS 0x000000070aa00000, 0x000000070aa00000| Untracked 
| 141|0x000000070ab00000, 0x000000070ac00000, 0x000000070ac00000|100%| O|  |TAMS 0x000000070ac00000, 0x000000070ac00000| Untracked 
| 142|0x000000070ac00000, 0x000000070ad00000, 0x000000070ad00000|100%| O|  |TAMS 0x000000070ad00000, 0x000000070ad00000| Untracked 
| 143|0x000000070ad00000, 0x000000070ae00000, 0x000000070ae00000|100%| O|  |TAMS 0x000000070ae00000, 0x000000070ae00000| Untracked 
| 144|0x000000070ae00000, 0x000000070af00000, 0x000000070af00000|100%| O|  |TAMS 0x000000070af00000, 0x000000070af00000| Untracked 
| 145|0x000000070af00000, 0x000000070b000000, 0x000000070b000000|100%| O|  |TAMS 0x000000070b000000, 0x000000070b000000| Untracked 
| 146|0x000000070b000000, 0x000000070b04de00, 0x000000070b100000| 30%| O|  |TAMS 0x000000070b04de00, 0x000000070b04de00| Untracked 
| 147|0x000000070b100000, 0x000000070b100000, 0x000000070b200000|  0%| F|  |TAMS 0x000000070b100000, 0x000000070b100000| Untracked 
| 148|0x000000070b200000, 0x000000070b200000, 0x000000070b300000|  0%| F|  |TAMS 0x000000070b200000, 0x000000070b200000| Untracked 
| 149|0x000000070b300000, 0x000000070b300000, 0x000000070b400000|  0%| F|  |TAMS 0x000000070b300000, 0x000000070b300000| Untracked 
| 150|0x000000070b400000, 0x000000070b400000, 0x000000070b500000|  0%| F|  |TAMS 0x000000070b400000, 0x000000070b400000| Untracked 
| 151|0x000000070b500000, 0x000000070b500000, 0x000000070b600000|  0%| F|  |TAMS 0x000000070b500000, 0x000000070b500000| Untracked 
| 152|0x000000070b600000, 0x000000070b600000, 0x000000070b700000|  0%| F|  |TAMS 0x000000070b600000, 0x000000070b600000| Untracked 
| 153|0x000000070b700000, 0x000000070b700000, 0x000000070b800000|  0%| F|  |TAMS 0x000000070b700000, 0x000000070b700000| Untracked 
| 154|0x000000070b800000, 0x000000070b800000, 0x000000070b900000|  0%| F|  |TAMS 0x000000070b800000, 0x000000070b800000| Untracked 
| 155|0x000000070b900000, 0x000000070b900000, 0x000000070ba00000|  0%| F|  |TAMS 0x000000070b900000, 0x000000070b900000| Untracked 
| 156|0x000000070ba00000, 0x000000070ba00000, 0x000000070bb00000|  0%| F|  |TAMS 0x000000070ba00000, 0x000000070ba00000| Untracked 
| 157|0x000000070bb00000, 0x000000070bb00000, 0x000000070bc00000|  0%| F|  |TAMS 0x000000070bb00000, 0x000000070bb00000| Untracked 
| 158|0x000000070bc00000, 0x000000070bc00000, 0x000000070bd00000|  0%| F|  |TAMS 0x000000070bc00000, 0x000000070bc00000| Untracked 
| 159|0x000000070bd00000, 0x000000070bd00000, 0x000000070be00000|  0%| F|  |TAMS 0x000000070bd00000, 0x000000070bd00000| Untracked 
| 160|0x000000070be00000, 0x000000070be00000, 0x000000070bf00000|  0%| F|  |TAMS 0x000000070be00000, 0x000000070be00000| Untracked 
| 161|0x000000070bf00000, 0x000000070bf00000, 0x000000070c000000|  0%| F|  |TAMS 0x000000070bf00000, 0x000000070bf00000| Untracked 
| 162|0x000000070c000000, 0x000000070c000000, 0x000000070c100000|  0%| F|  |TAMS 0x000000070c000000, 0x000000070c000000| Untracked 
| 163|0x000000070c100000, 0x000000070c100000, 0x000000070c200000|  0%| F|  |TAMS 0x000000070c100000, 0x000000070c100000| Untracked 
| 164|0x000000070c200000, 0x000000070c200000, 0x000000070c300000|  0%| F|  |TAMS 0x000000070c200000, 0x000000070c200000| Untracked 
| 165|0x000000070c300000, 0x000000070c300000, 0x000000070c400000|  0%| F|  |TAMS 0x000000070c300000, 0x000000070c300000| Untracked 
| 166|0x000000070c400000, 0x000000070c400000, 0x000000070c500000|  0%| F|  |TAMS 0x000000070c400000, 0x000000070c400000| Untracked 
| 167|0x000000070c500000, 0x000000070c500000, 0x000000070c600000|  0%| F|  |TAMS 0x000000070c500000, 0x000000070c500000| Untracked 
| 168|0x000000070c600000, 0x000000070c600000, 0x000000070c700000|  0%| F|  |TAMS 0x000000070c600000, 0x000000070c600000| Untracked 
| 169|0x000000070c700000, 0x000000070c700000, 0x000000070c800000|  0%| F|  |TAMS 0x000000070c700000, 0x000000070c700000| Untracked 
| 170|0x000000070c800000, 0x000000070c800000, 0x000000070c900000|  0%| F|  |TAMS 0x000000070c800000, 0x000000070c800000| Untracked 
| 171|0x000000070c900000, 0x000000070c900000, 0x000000070ca00000|  0%| F|  |TAMS 0x000000070c900000, 0x000000070c900000| Untracked 
| 172|0x000000070ca00000, 0x000000070ca00000, 0x000000070cb00000|  0%| F|  |TAMS 0x000000070ca00000, 0x000000070ca00000| Untracked 
| 173|0x000000070cb00000, 0x000000070cb00000, 0x000000070cc00000|  0%| F|  |TAMS 0x000000070cb00000, 0x000000070cb00000| Untracked 
| 174|0x000000070cc00000, 0x000000070cc00000, 0x000000070cd00000|  0%| F|  |TAMS 0x000000070cc00000, 0x000000070cc00000| Untracked 
| 175|0x000000070cd00000, 0x000000070cd00000, 0x000000070ce00000|  0%| F|  |TAMS 0x000000070cd00000, 0x000000070cd00000| Untracked 
| 176|0x000000070ce00000, 0x000000070ce00000, 0x000000070cf00000|  0%| F|  |TAMS 0x000000070ce00000, 0x000000070ce00000| Untracked 
| 177|0x000000070cf00000, 0x000000070cf00000, 0x000000070d000000|  0%| F|  |TAMS 0x000000070cf00000, 0x000000070cf00000| Untracked 
| 178|0x000000070d000000, 0x000000070d000000, 0x000000070d100000|  0%| F|  |TAMS 0x000000070d000000, 0x000000070d000000| Untracked 
| 179|0x000000070d100000, 0x000000070d100000, 0x000000070d200000|  0%| F|  |TAMS 0x000000070d100000, 0x000000070d100000| Untracked 
| 180|0x000000070d200000, 0x000000070d2b4e40, 0x000000070d300000| 70%| S|CS|TAMS 0x000000070d200000, 0x000000070d200000| Complete 
| 181|0x000000070d300000, 0x000000070d400000, 0x000000070d400000|100%| S|CS|TAMS 0x000000070d300000, 0x000000070d300000| Complete 
| 182|0x000000070d400000, 0x000000070d500000, 0x000000070d500000|100%| S|CS|TAMS 0x000000070d400000, 0x000000070d400000| Complete 
| 183|0x000000070d500000, 0x000000070d600000, 0x000000070d600000|100%| S|CS|TAMS 0x000000070d500000, 0x000000070d500000| Complete 
| 184|0x000000070d600000, 0x000000070d700000, 0x000000070d700000|100%| S|CS|TAMS 0x000000070d600000, 0x000000070d600000| Complete 
| 185|0x000000070d700000, 0x000000070d800000, 0x000000070d800000|100%| S|CS|TAMS 0x000000070d700000, 0x000000070d700000| Complete 
| 186|0x000000070d800000, 0x000000070d900000, 0x000000070d900000|100%| S|CS|TAMS 0x000000070d800000, 0x000000070d800000| Complete 
| 187|0x000000070d900000, 0x000000070da00000, 0x000000070da00000|100%| S|CS|TAMS 0x000000070d900000, 0x000000070d900000| Complete 
| 188|0x000000070da00000, 0x000000070db00000, 0x000000070db00000|100%| S|CS|TAMS 0x000000070da00000, 0x000000070da00000| Complete 
| 189|0x000000070db00000, 0x000000070dc00000, 0x000000070dc00000|100%| S|CS|TAMS 0x000000070db00000, 0x000000070db00000| Complete 
| 190|0x000000070dc00000, 0x000000070dc00000, 0x000000070dd00000|  0%| F|  |TAMS 0x000000070dc00000, 0x000000070dc00000| Untracked 
| 191|0x000000070dd00000, 0x000000070dd00000, 0x000000070de00000|  0%| F|  |TAMS 0x000000070dd00000, 0x000000070dd00000| Untracked 
| 192|0x000000070de00000, 0x000000070de00000, 0x000000070df00000|  0%| F|  |TAMS 0x000000070de00000, 0x000000070de00000| Untracked 
| 193|0x000000070df00000, 0x000000070df00000, 0x000000070e000000|  0%| F|  |TAMS 0x000000070df00000, 0x000000070df00000| Untracked 
| 194|0x000000070e000000, 0x000000070e000000, 0x000000070e100000|  0%| F|  |TAMS 0x000000070e000000, 0x000000070e000000| Untracked 
| 195|0x000000070e100000, 0x000000070e100000, 0x000000070e200000|  0%| F|  |TAMS 0x000000070e100000, 0x000000070e100000| Untracked 
| 196|0x000000070e200000, 0x000000070e200000, 0x000000070e300000|  0%| F|  |TAMS 0x000000070e200000, 0x000000070e200000| Untracked 
| 197|0x000000070e300000, 0x000000070e300000, 0x000000070e400000|  0%| F|  |TAMS 0x000000070e300000, 0x000000070e300000| Untracked 
| 198|0x000000070e400000, 0x000000070e400000, 0x000000070e500000|  0%| F|  |TAMS 0x000000070e400000, 0x000000070e400000| Untracked 
| 199|0x000000070e500000, 0x000000070e500000, 0x000000070e600000|  0%| F|  |TAMS 0x000000070e500000, 0x000000070e500000| Untracked 
| 200|0x000000070e600000, 0x000000070e600000, 0x000000070e700000|  0%| F|  |TAMS 0x000000070e600000, 0x000000070e600000| Untracked 
| 201|0x000000070e700000, 0x000000070e700000, 0x000000070e800000|  0%| F|  |TAMS 0x000000070e700000, 0x000000070e700000| Untracked 
| 202|0x000000070e800000, 0x000000070e800000, 0x000000070e900000|  0%| F|  |TAMS 0x000000070e800000, 0x000000070e800000| Untracked 
| 203|0x000000070e900000, 0x000000070e900000, 0x000000070ea00000|  0%| F|  |TAMS 0x000000070e900000, 0x000000070e900000| Untracked 
| 204|0x000000070ea00000, 0x000000070ea00000, 0x000000070eb00000|  0%| F|  |TAMS 0x000000070ea00000, 0x000000070ea00000| Untracked 
| 205|0x000000070eb00000, 0x000000070eb00000, 0x000000070ec00000|  0%| F|  |TAMS 0x000000070eb00000, 0x000000070eb00000| Untracked 
| 206|0x000000070ec00000, 0x000000070ec00000, 0x000000070ed00000|  0%| F|  |TAMS 0x000000070ec00000, 0x000000070ec00000| Untracked 
| 207|0x000000070ed00000, 0x000000070ed00000, 0x000000070ee00000|  0%| F|  |TAMS 0x000000070ed00000, 0x000000070ed00000| Untracked 
| 208|0x000000070ee00000, 0x000000070ee00000, 0x000000070ef00000|  0%| F|  |TAMS 0x000000070ee00000, 0x000000070ee00000| Untracked 
| 209|0x000000070ef00000, 0x000000070ef00000, 0x000000070f000000|  0%| F|  |TAMS 0x000000070ef00000, 0x000000070ef00000| Untracked 
| 210|0x000000070f000000, 0x000000070f000000, 0x000000070f100000|  0%| F|  |TAMS 0x000000070f000000, 0x000000070f000000| Untracked 
| 211|0x000000070f100000, 0x000000070f100000, 0x000000070f200000|  0%| F|  |TAMS 0x000000070f100000, 0x000000070f100000| Untracked 
| 212|0x000000070f200000, 0x000000070f200000, 0x000000070f300000|  0%| F|  |TAMS 0x000000070f200000, 0x000000070f200000| Untracked 
| 213|0x000000070f300000, 0x000000070f300000, 0x000000070f400000|  0%| F|  |TAMS 0x000000070f300000, 0x000000070f300000| Untracked 
| 214|0x000000070f400000, 0x000000070f400000, 0x000000070f500000|  0%| F|  |TAMS 0x000000070f400000, 0x000000070f400000| Untracked 
| 215|0x000000070f500000, 0x000000070f500000, 0x000000070f600000|  0%| F|  |TAMS 0x000000070f500000, 0x000000070f500000| Untracked 
| 216|0x000000070f600000, 0x000000070f600000, 0x000000070f700000|  0%| F|  |TAMS 0x000000070f600000, 0x000000070f600000| Untracked 
| 217|0x000000070f700000, 0x000000070f700000, 0x000000070f800000|  0%| F|  |TAMS 0x000000070f700000, 0x000000070f700000| Untracked 
| 218|0x000000070f800000, 0x000000070f800000, 0x000000070f900000|  0%| F|  |TAMS 0x000000070f800000, 0x000000070f800000| Untracked 
| 219|0x000000070f900000, 0x000000070f900000, 0x000000070fa00000|  0%| F|  |TAMS 0x000000070f900000, 0x000000070f900000| Untracked 
| 220|0x000000070fa00000, 0x000000070fa00000, 0x000000070fb00000|  0%| F|  |TAMS 0x000000070fa00000, 0x000000070fa00000| Untracked 
| 221|0x000000070fb00000, 0x000000070fb00000, 0x000000070fc00000|  0%| F|  |TAMS 0x000000070fb00000, 0x000000070fb00000| Untracked 
| 222|0x000000070fc00000, 0x000000070fc00000, 0x000000070fd00000|  0%| F|  |TAMS 0x000000070fc00000, 0x000000070fc00000| Untracked 
| 223|0x000000070fd00000, 0x000000070fd00000, 0x000000070fe00000|  0%| F|  |TAMS 0x000000070fd00000, 0x000000070fd00000| Untracked 
| 224|0x000000070fe00000, 0x000000070fe00000, 0x000000070ff00000|  0%| F|  |TAMS 0x000000070fe00000, 0x000000070fe00000| Untracked 
| 225|0x000000070ff00000, 0x000000070ff00000, 0x0000000710000000|  0%| F|  |TAMS 0x000000070ff00000, 0x000000070ff00000| Untracked 
| 226|0x0000000710000000, 0x0000000710000000, 0x0000000710100000|  0%| F|  |TAMS 0x0000000710000000, 0x0000000710000000| Untracked 
| 227|0x0000000710100000, 0x0000000710100000, 0x0000000710200000|  0%| F|  |TAMS 0x0000000710100000, 0x0000000710100000| Untracked 
| 228|0x0000000710200000, 0x0000000710200000, 0x0000000710300000|  0%| F|  |TAMS 0x0000000710200000, 0x0000000710200000| Untracked 
| 229|0x0000000710300000, 0x0000000710300000, 0x0000000710400000|  0%| F|  |TAMS 0x0000000710300000, 0x0000000710300000| Untracked 
| 230|0x0000000710400000, 0x0000000710400000, 0x0000000710500000|  0%| F|  |TAMS 0x0000000710400000, 0x0000000710400000| Untracked 
| 231|0x0000000710500000, 0x0000000710500000, 0x0000000710600000|  0%| F|  |TAMS 0x0000000710500000, 0x0000000710500000| Untracked 
| 232|0x0000000710600000, 0x0000000710600000, 0x0000000710700000|  0%| F|  |TAMS 0x0000000710600000, 0x0000000710600000| Untracked 
| 233|0x0000000710700000, 0x0000000710700000, 0x0000000710800000|  0%| F|  |TAMS 0x0000000710700000, 0x0000000710700000| Untracked 
| 234|0x0000000710800000, 0x0000000710800000, 0x0000000710900000|  0%| F|  |TAMS 0x0000000710800000, 0x0000000710800000| Untracked 
| 235|0x0000000710900000, 0x0000000710900000, 0x0000000710a00000|  0%| F|  |TAMS 0x0000000710900000, 0x0000000710900000| Untracked 
| 236|0x0000000710a00000, 0x0000000710a00000, 0x0000000710b00000|  0%| F|  |TAMS 0x0000000710a00000, 0x0000000710a00000| Untracked 
| 237|0x0000000710b00000, 0x0000000710b00000, 0x0000000710c00000|  0%| F|  |TAMS 0x0000000710b00000, 0x0000000710b00000| Untracked 
| 238|0x0000000710c00000, 0x0000000710c00000, 0x0000000710d00000|  0%| F|  |TAMS 0x0000000710c00000, 0x0000000710c00000| Untracked 
| 239|0x0000000710d00000, 0x0000000710d00000, 0x0000000710e00000|  0%| F|  |TAMS 0x0000000710d00000, 0x0000000710d00000| Untracked 
| 240|0x0000000710e00000, 0x0000000710e00000, 0x0000000710f00000|  0%| F|  |TAMS 0x0000000710e00000, 0x0000000710e00000| Untracked 
| 241|0x0000000710f00000, 0x0000000710f00000, 0x0000000711000000|  0%| F|  |TAMS 0x0000000710f00000, 0x0000000710f00000| Untracked 
| 242|0x0000000711000000, 0x0000000711000000, 0x0000000711100000|  0%| F|  |TAMS 0x0000000711000000, 0x0000000711000000| Untracked 
| 243|0x0000000711100000, 0x0000000711100000, 0x0000000711200000|  0%| F|  |TAMS 0x0000000711100000, 0x0000000711100000| Untracked 
| 244|0x0000000711200000, 0x0000000711200000, 0x0000000711300000|  0%| F|  |TAMS 0x0000000711200000, 0x0000000711200000| Untracked 
| 245|0x0000000711300000, 0x0000000711300000, 0x0000000711400000|  0%| F|  |TAMS 0x0000000711300000, 0x0000000711300000| Untracked 
| 246|0x0000000711400000, 0x0000000711400000, 0x0000000711500000|  0%| F|  |TAMS 0x0000000711400000, 0x0000000711400000| Untracked 
| 247|0x0000000711500000, 0x0000000711500000, 0x0000000711600000|  0%| F|  |TAMS 0x0000000711500000, 0x0000000711500000| Untracked 
| 248|0x0000000711600000, 0x0000000711600000, 0x0000000711700000|  0%| F|  |TAMS 0x0000000711600000, 0x0000000711600000| Untracked 
| 249|0x0000000711700000, 0x0000000711700000, 0x0000000711800000|  0%| F|  |TAMS 0x0000000711700000, 0x0000000711700000| Untracked 
| 250|0x0000000711800000, 0x0000000711800000, 0x0000000711900000|  0%| F|  |TAMS 0x0000000711800000, 0x0000000711800000| Untracked 
| 251|0x0000000711900000, 0x0000000711900000, 0x0000000711a00000|  0%| F|  |TAMS 0x0000000711900000, 0x0000000711900000| Untracked 
| 252|0x0000000711a00000, 0x0000000711a00000, 0x0000000711b00000|  0%| F|  |TAMS 0x0000000711a00000, 0x0000000711a00000| Untracked 
| 253|0x0000000711b00000, 0x0000000711b00000, 0x0000000711c00000|  0%| F|  |TAMS 0x0000000711b00000, 0x0000000711b00000| Untracked 
| 254|0x0000000711c00000, 0x0000000711c00000, 0x0000000711d00000|  0%| F|  |TAMS 0x0000000711c00000, 0x0000000711c00000| Untracked 
| 255|0x0000000711d00000, 0x0000000711d00000, 0x0000000711e00000|  0%| F|  |TAMS 0x0000000711d00000, 0x0000000711d00000| Untracked 
| 256|0x0000000711e00000, 0x0000000711e00000, 0x0000000711f00000|  0%| F|  |TAMS 0x0000000711e00000, 0x0000000711e00000| Untracked 
| 257|0x0000000711f00000, 0x0000000711f00000, 0x0000000712000000|  0%| F|  |TAMS 0x0000000711f00000, 0x0000000711f00000| Untracked 
| 258|0x0000000712000000, 0x0000000712000000, 0x0000000712100000|  0%| F|  |TAMS 0x0000000712000000, 0x0000000712000000| Untracked 
| 259|0x0000000712100000, 0x0000000712100000, 0x0000000712200000|  0%| F|  |TAMS 0x0000000712100000, 0x0000000712100000| Untracked 
| 260|0x0000000712200000, 0x0000000712200000, 0x0000000712300000|  0%| F|  |TAMS 0x0000000712200000, 0x0000000712200000| Untracked 
| 261|0x0000000712300000, 0x0000000712300000, 0x0000000712400000|  0%| F|  |TAMS 0x0000000712300000, 0x0000000712300000| Untracked 
| 262|0x0000000712400000, 0x0000000712400000, 0x0000000712500000|  0%| F|  |TAMS 0x0000000712400000, 0x0000000712400000| Untracked 
| 263|0x0000000712500000, 0x0000000712500000, 0x0000000712600000|  0%| F|  |TAMS 0x0000000712500000, 0x0000000712500000| Untracked 
| 264|0x0000000712600000, 0x0000000712600000, 0x0000000712700000|  0%| F|  |TAMS 0x0000000712600000, 0x0000000712600000| Untracked 
| 265|0x0000000712700000, 0x0000000712700000, 0x0000000712800000|  0%| F|  |TAMS 0x0000000712700000, 0x0000000712700000| Untracked 
| 266|0x0000000712800000, 0x0000000712800000, 0x0000000712900000|  0%| F|  |TAMS 0x0000000712800000, 0x0000000712800000| Untracked 
| 267|0x0000000712900000, 0x0000000712900000, 0x0000000712a00000|  0%| F|  |TAMS 0x0000000712900000, 0x0000000712900000| Untracked 
| 268|0x0000000712a00000, 0x0000000712a00000, 0x0000000712b00000|  0%| F|  |TAMS 0x0000000712a00000, 0x0000000712a00000| Untracked 
| 269|0x0000000712b00000, 0x0000000712b00000, 0x0000000712c00000|  0%| F|  |TAMS 0x0000000712b00000, 0x0000000712b00000| Untracked 
| 270|0x0000000712c00000, 0x0000000712c00000, 0x0000000712d00000|  0%| F|  |TAMS 0x0000000712c00000, 0x0000000712c00000| Untracked 
| 271|0x0000000712d00000, 0x0000000712d00000, 0x0000000712e00000|  0%| F|  |TAMS 0x0000000712d00000, 0x0000000712d00000| Untracked 
| 272|0x0000000712e00000, 0x0000000712e00000, 0x0000000712f00000|  0%| F|  |TAMS 0x0000000712e00000, 0x0000000712e00000| Untracked 
| 273|0x0000000712f00000, 0x0000000712f00000, 0x0000000713000000|  0%| F|  |TAMS 0x0000000712f00000, 0x0000000712f00000| Untracked 
| 274|0x0000000713000000, 0x0000000713000000, 0x0000000713100000|  0%| F|  |TAMS 0x0000000713000000, 0x0000000713000000| Untracked 
| 275|0x0000000713100000, 0x0000000713100000, 0x0000000713200000|  0%| F|  |TAMS 0x0000000713100000, 0x0000000713100000| Untracked 
| 276|0x0000000713200000, 0x0000000713200000, 0x0000000713300000|  0%| F|  |TAMS 0x0000000713200000, 0x0000000713200000| Untracked 
| 277|0x0000000713300000, 0x0000000713300000, 0x0000000713400000|  0%| F|  |TAMS 0x0000000713300000, 0x0000000713300000| Untracked 
| 278|0x0000000713400000, 0x0000000713400000, 0x0000000713500000|  0%| F|  |TAMS 0x0000000713400000, 0x0000000713400000| Untracked 
| 279|0x0000000713500000, 0x0000000713500000, 0x0000000713600000|  0%| F|  |TAMS 0x0000000713500000, 0x0000000713500000| Untracked 
| 280|0x0000000713600000, 0x0000000713600000, 0x0000000713700000|  0%| F|  |TAMS 0x0000000713600000, 0x0000000713600000| Untracked 
| 281|0x0000000713700000, 0x0000000713700000, 0x0000000713800000|  0%| F|  |TAMS 0x0000000713700000, 0x0000000713700000| Untracked 
| 282|0x0000000713800000, 0x0000000713800000, 0x0000000713900000|  0%| F|  |TAMS 0x0000000713800000, 0x0000000713800000| Untracked 
| 283|0x0000000713900000, 0x0000000713900000, 0x0000000713a00000|  0%| F|  |TAMS 0x0000000713900000, 0x0000000713900000| Untracked 
| 284|0x0000000713a00000, 0x0000000713a00000, 0x0000000713b00000|  0%| F|  |TAMS 0x0000000713a00000, 0x0000000713a00000| Untracked 
| 285|0x0000000713b00000, 0x0000000713b00000, 0x0000000713c00000|  0%| F|  |TAMS 0x0000000713b00000, 0x0000000713b00000| Untracked 
| 286|0x0000000713c00000, 0x0000000713c00000, 0x0000000713d00000|  0%| F|  |TAMS 0x0000000713c00000, 0x0000000713c00000| Untracked 
| 287|0x0000000713d00000, 0x0000000713d00000, 0x0000000713e00000|  0%| F|  |TAMS 0x0000000713d00000, 0x0000000713d00000| Untracked 
| 288|0x0000000713e00000, 0x0000000713e00000, 0x0000000713f00000|  0%| F|  |TAMS 0x0000000713e00000, 0x0000000713e00000| Untracked 
| 289|0x0000000713f00000, 0x0000000713f00000, 0x0000000714000000|  0%| F|  |TAMS 0x0000000713f00000, 0x0000000713f00000| Untracked 
| 290|0x0000000714000000, 0x0000000714000000, 0x0000000714100000|  0%| F|  |TAMS 0x0000000714000000, 0x0000000714000000| Untracked 
| 291|0x0000000714100000, 0x0000000714100000, 0x0000000714200000|  0%| F|  |TAMS 0x0000000714100000, 0x0000000714100000| Untracked 

Card table byte_map: [0x000001fe9b830000,0x000001fe9c030000] _byte_map_base: 0x000001fe98021000

Marking Bits (Prev, Next): (CMBitMap*) 0x000001fe86154af8, (CMBitMap*) 0x000001fe86154ab8
 Prev Bits: [0x000001fea07c0000, 0x000001fea4748000)
 Next Bits: [0x000001fe9c830000, 0x000001fea07b8000)

Polling page: 0x000001fe861d0000

Metaspace:

Usage:
  Non-class:     96.30 MB capacity,    94.06 MB ( 98%) used,     2.10 MB (  2%) free+waste,   151.94 KB ( <1%) overhead. 
      Class:     13.23 MB capacity,    12.02 MB ( 91%) used,     1.15 MB (  9%) free+waste,    64.25 KB ( <1%) overhead. 
       Both:    109.53 MB capacity,   106.07 MB ( 97%) used,     3.25 MB (  3%) free+waste,   216.19 KB ( <1%) overhead. 

Virtual space:
  Non-class space:       98.00 MB reserved,      96.42 MB ( 98%) committed 
      Class space:        1.00 GB reserved,      13.25 MB (  1%) committed 
             Both:        1.10 GB reserved,     109.67 MB ( 10%) committed 

Chunk freelists:
   Non-Class:  57.00 KB
       Class:  24.00 KB
        Both:  81.00 KB

MaxMetaspaceSize: 17179869184.00 GB
CompressedClassSpaceSize: 1.00 GB

CodeHeap 'non-profiled nmethods': size=120000Kb used=11666Kb max_used=11825Kb free=108334Kb
 bounds [0x000001fe930a0000, 0x000001fe93c40000, 0x000001fe9a5d0000]
CodeHeap 'profiled nmethods': size=120000Kb used=31285Kb max_used=32714Kb free=88714Kb
 bounds [0x000001fe8bb70000, 0x000001fe8db70000, 0x000001fe930a0000]
CodeHeap 'non-nmethods': size=5760Kb used=1384Kb max_used=1447Kb free=4375Kb
 bounds [0x000001fe8b5d0000, 0x000001fe8b840000, 0x000001fe8bb70000]
 total_blobs=13666 nmethods=12978 adapters=598
 compilation: enabled
              stopped_count=0, restarted_count=0
 full_count=0

Compilation events (20 events):
Event: 46.236 Thread 0x000001fea7bea000 16342       3       sun.security.provider.X509Factory::engineGenerateCertPath (9 bytes)
Event: 46.236 Thread 0x000001fea7bea000 nmethod 16342 0x000001fe8cb35a90 code [0x000001fe8cb35c40, 0x000001fe8cb35de8]
Event: 46.238 Thread 0x000001fea7bea000 16344       3       sun.security.util.DerInputStream::<init> (14 bytes)
Event: 46.238 Thread 0x000001fea7bea000 nmethod 16344 0x000001fe8d9f0f90 code [0x000001fe8d9f1140, 0x000001fe8d9f12c8]
Event: 46.238 Thread 0x000001fea7bea000 16345       3       sun.security.jca.ProviderList$3::<init> (10 bytes)
Event: 46.239 Thread 0x000001fea7bea000 nmethod 16345 0x000001fe8d9f0a10 code [0x000001fe8d9f0bc0, 0x000001fe8d9f0e38]
Event: 46.239 Thread 0x000001fea7bea000 16346   !   3       sun.security.util.SignatureUtil::checkName (32 bytes)
Event: 46.239 Thread 0x000001fea7bea000 nmethod 16346 0x000001fe8c278e10 code [0x000001fe8c278fe0, 0x000001fe8c2792c8]
Event: 46.240 Thread 0x000001fea7bea000 16347       3       sun.security.jca.ProviderList::<init> (27 bytes)
Event: 46.240 Thread 0x000001fea7bea000 nmethod 16347 0x000001fe8c278610 code [0x000001fe8c2787e0, 0x000001fe8c278c58]
Event: 46.240 Thread 0x000001fea7bea000 16348       3       sun.security.jca.ProviderList::getJarList (130 bytes)
Event: 46.241 Thread 0x000001fea7bea000 nmethod 16348 0x000001fe8be5c090 code [0x000001fe8be5c340, 0x000001fe8be5d498]
Event: 46.241 Thread 0x000001fea7bea000 16352       3       sun.security.pkcs.PKCS7::getCertificate (77 bytes)
Event: 46.241 Thread 0x000001fea7bea000 nmethod 16352 0x000001fe8d8a8e90 code [0x000001fe8d8a9080, 0x000001fe8d8a9538]
Event: 46.241 Thread 0x000001fea7bea000 16349  s    3       sun.security.jca.Providers::beginThreadProviderList (58 bytes)
Event: 46.241 Thread 0x000001fea7bea000 nmethod 16349 0x000001fe8ce0af10 code [0x000001fe8ce0b120, 0x000001fe8ce0ba68]
Event: 46.241 Thread 0x000001fea7bea000 16350       1       sun.security.timestamp.TimestampToken::getHashAlgorithm (5 bytes)
Event: 46.241 Thread 0x000001fea7bea000 nmethod 16350 0x000001fe93bb3610 code [0x000001fe93bb37a0, 0x000001fe93bb3858]
Event: 46.241 Thread 0x000001fea7bea000 16351       1       sun.security.timestamp.TimestampToken::getHashedMessage (5 bytes)
Event: 46.241 Thread 0x000001fea7bea000 nmethod 16351 0x000001fe9337d810 code [0x000001fe9337d9a0, 0x000001fe9337da58]

GC Heap History (20 events):
Event: 41.812 GC heap after
{Heap after GC invocations=75 (full 0):
 garbage-first heap   total 215040K, used 104932K [0x0000000701e00000, 0x0000000800000000)
  region size 1024K, 5 young (5120K), 5 survivors (5120K)
 Metaspace       used 86258K, capacity 89390K, committed 89520K, reserved 1128448K
  class space    used 10279K, capacity 11448K, committed 11520K, reserved 1048576K
}
Event: 42.256 GC heap before
{Heap before GC invocations=75 (full 0):
 garbage-first heap   total 215040K, used 178660K [0x0000000701e00000, 0x0000000800000000)
  region size 1024K, 79 young (80896K), 5 survivors (5120K)
 Metaspace       used 89099K, capacity 92256K, committed 92336K, reserved 1130496K
  class space    used 10585K, capacity 11754K, committed 11776K, reserved 1048576K
}
Event: 42.262 GC heap after
{Heap after GC invocations=76 (full 0):
 garbage-first heap   total 215040K, used 109591K [0x0000000701e00000, 0x0000000800000000)
  region size 1024K, 10 young (10240K), 10 survivors (10240K)
 Metaspace       used 89099K, capacity 92256K, committed 92336K, reserved 1130496K
  class space    used 10585K, capacity 11754K, committed 11776K, reserved 1048576K
}
Event: 42.942 GC heap before
{Heap before GC invocations=77 (full 0):
 garbage-first heap   total 220160K, used 191511K [0x0000000701e00000, 0x0000000800000000)
  region size 1024K, 80 young (81920K), 10 survivors (10240K)
 Metaspace       used 94680K, capacity 97904K, committed 97968K, reserved 1134592K
  class space    used 11072K, capacity 12250K, committed 12288K, reserved 1048576K
}
Event: 42.949 GC heap after
{Heap after GC invocations=78 (full 0):
 garbage-first heap   total 220160K, used 113574K [0x0000000701e00000, 0x0000000800000000)
  region size 1024K, 9 young (9216K), 9 survivors (9216K)
 Metaspace       used 94680K, capacity 97904K, committed 97968K, reserved 1134592K
  class space    used 11072K, capacity 12250K, committed 12288K, reserved 1048576K
}
Event: 43.885 GC heap before
{Heap before GC invocations=78 (full 0):
 garbage-first heap   total 220160K, used 184230K [0x0000000701e00000, 0x0000000800000000)
  region size 1024K, 79 young (80896K), 9 survivors (9216K)
 Metaspace       used 99275K, capacity 102747K, committed 102832K, reserved 1138688K
  class space    used 11462K, capacity 12715K, committed 12800K, reserved 1048576K
}
Event: 43.891 GC heap after
{Heap after GC invocations=79 (full 0):
 garbage-first heap   total 220160K, used 114783K [0x0000000701e00000, 0x0000000800000000)
  region size 1024K, 6 young (6144K), 6 survivors (6144K)
 Metaspace       used 99275K, capacity 102747K, committed 102832K, reserved 1138688K
  class space    used 11462K, capacity 12715K, committed 12800K, reserved 1048576K
}
Event: 44.045 GC heap before
{Heap before GC invocations=80 (full 0):
 garbage-first heap   total 220160K, used 129119K [0x0000000701e00000, 0x0000000800000000)
  region size 1024K, 22 young (22528K), 6 survivors (6144K)
 Metaspace       used 100862K, capacity 104315K, committed 104496K, reserved 1140736K
  class space    used 11601K, capacity 12875K, committed 12928K, reserved 1048576K
}
Event: 44.049 GC heap after
{Heap after GC invocations=81 (full 0):
 garbage-first heap   total 220160K, used 115231K [0x0000000701e00000, 0x0000000800000000)
  region size 1024K, 6 young (6144K), 6 survivors (6144K)
 Metaspace       used 100862K, capacity 104315K, committed 104496K, reserved 1140736K
  class space    used 11601K, capacity 12875K, committed 12928K, reserved 1048576K
}
Event: 44.333 GC heap before
{Heap before GC invocations=82 (full 0):
 garbage-first heap   total 224256K, used 189983K [0x0000000701e00000, 0x0000000800000000)
  region size 1024K, 77 young (78848K), 6 survivors (6144K)
 Metaspace       used 102540K, capacity 105979K, committed 106160K, reserved 1142784K
  class space    used 11761K, capacity 13022K, committed 13056K, reserved 1048576K
}
Event: 44.340 GC heap after
{Heap after GC invocations=83 (full 0):
 garbage-first heap   total 224256K, used 120335K [0x0000000701e00000, 0x0000000800000000)
  region size 1024K, 9 young (9216K), 9 survivors (9216K)
 Metaspace       used 102540K, capacity 105979K, committed 106160K, reserved 1142784K
  class space    used 11761K, capacity 13022K, committed 13056K, reserved 1048576K
}
Event: 44.407 GC heap before
{Heap before GC invocations=83 (full 0):
 garbage-first heap   total 224256K, used 190991K [0x0000000701e00000, 0x0000000800000000)
  region size 1024K, 78 young (79872K), 9 survivors (9216K)
 Metaspace       used 102540K, capacity 105979K, committed 106160K, reserved 1142784K
  class space    used 11761K, capacity 13022K, committed 13056K, reserved 1048576K
}
Event: 44.415 GC heap after
{Heap after GC invocations=84 (full 0):
 garbage-first heap   total 269312K, used 125927K [0x0000000701e00000, 0x0000000800000000)
  region size 1024K, 6 young (6144K), 6 survivors (6144K)
 Metaspace       used 102540K, capacity 105979K, committed 106160K, reserved 1142784K
  class space    used 11761K, capacity 13022K, committed 13056K, reserved 1048576K
}
Event: 45.202 GC heap before
{Heap before GC invocations=85 (full 0):
 garbage-first heap   total 269312K, used 201703K [0x0000000701e00000, 0x0000000800000000)
  region size 1024K, 80 young (81920K), 6 survivors (6144K)
 Metaspace       used 106643K, capacity 110212K, committed 110256K, reserved 1146880K
  class space    used 12043K, capacity 13301K, committed 13312K, reserved 1048576K
}
Event: 45.207 GC heap after
{Heap after GC invocations=86 (full 0):
 garbage-first heap   total 269312K, used 131730K [0x0000000701e00000, 0x0000000800000000)
  region size 1024K, 10 young (10240K), 10 survivors (10240K)
 Metaspace       used 106643K, capacity 110212K, committed 110256K, reserved 1146880K
  class space    used 12043K, capacity 13301K, committed 13312K, reserved 1048576K
}
Event: 45.446 GC heap before
{Heap before GC invocations=87 (full 0):
 garbage-first heap   total 281600K, used 176786K [0x0000000701e00000, 0x0000000800000000)
  region size 1024K, 33 young (33792K), 10 survivors (10240K)
 Metaspace       used 108135K, capacity 111735K, committed 112048K, reserved 1148928K
  class space    used 12268K, capacity 13510K, committed 13568K, reserved 1048576K
}
Event: 45.451 GC heap after
{Heap after GC invocations=88 (full 0):
 garbage-first heap   total 281600K, used 130312K [0x0000000701e00000, 0x0000000800000000)
  region size 1024K, 5 young (5120K), 5 survivors (5120K)
 Metaspace       used 108135K, capacity 111735K, committed 112048K, reserved 1148928K
  class space    used 12268K, capacity 13510K, committed 13568K, reserved 1048576K
}
Event: 45.888 GC heap before
{Heap before GC invocations=89 (full 0):
 garbage-first heap   total 281600K, used 176392K [0x0000000701e00000, 0x0000000800000000)
  region size 1024K, 28 young (28672K), 5 survivors (5120K)
 Metaspace       used 108553K, capacity 112156K, committed 112304K, reserved 1148928K
  class space    used 12306K, capacity 13544K, committed 13568K, reserved 1048576K
}
Event: 45.894 GC heap after
{Heap after GC invocations=90 (full 0):
 garbage-first heap   total 281600K, used 130484K [0x0000000701e00000, 0x0000000800000000)
  region size 1024K, 6 young (6144K), 6 survivors (6144K)
 Metaspace       used 108553K, capacity 112156K, committed 112304K, reserved 1148928K
  class space    used 12306K, capacity 13544K, committed 13568K, reserved 1048576K
}
Event: 46.281 GC heap before
{Heap before GC invocations=91 (full 0):
 garbage-first heap   total 299008K, used 245172K [0x0000000701e00000, 0x0000000800000000)
  region size 1024K, 102 young (104448K), 6 survivors (6144K)
 Metaspace       used 108618K, capacity 112159K, committed 112304K, reserved 1148928K
  class space    used 12306K, capacity 13544K, committed 13568K, reserved 1048576K
}

Deoptimization events (20 events):
Event: 46.079 Thread 0x000001fe860e9800 DEOPT PACKING pc=0x000001fe8d844748 sp=0x0000006a3d8fd470
Event: 46.079 Thread 0x000001fe860e9800 DEOPT UNPACKING pc=0x000001fe8b61964e sp=0x0000006a3d8fc9d0 mode 0
Event: 46.085 Thread 0x000001fe860e9800 DEOPT PACKING pc=0x000001fe8d8478c7 sp=0x0000006a3d8fd400
Event: 46.085 Thread 0x000001fe860e9800 DEOPT UNPACKING pc=0x000001fe8b61964e sp=0x0000006a3d8fc920 mode 0
Event: 46.190 Thread 0x000001fe860e9800 Uncommon trap: trap_request=0xffffff45 fr.pc=0x000001fe93bbe118 relative=0x00000000000012f8
Event: 46.190 Thread 0x000001fe860e9800 Uncommon trap: reason=unstable_if action=reinterpret pc=0x000001fe93bbe118 method=org.eclipse.jdt.internal.compiler.batch.ClasspathJar.getModulesDeclaringPackage(Ljava/lang/String;Ljava/lang/String;)[[C @ 4 c2
Event: 46.190 Thread 0x000001fe860e9800 DEOPT PACKING pc=0x000001fe93bbe118 sp=0x0000006a3d8fd430
Event: 46.190 Thread 0x000001fe860e9800 DEOPT UNPACKING pc=0x000001fe8b61912f sp=0x0000006a3d8fd3d8 mode 2
Event: 46.203 Thread 0x000001fe860e9800 Uncommon trap: trap_request=0xffffffde fr.pc=0x000001fe93c1e26c relative=0x0000000000006d4c
Event: 46.203 Thread 0x000001fe860e9800 Uncommon trap: reason=class_check action=maybe_recompile pc=0x000001fe93c1e26c method=org.eclipse.jdt.internal.compiler.lookup.BinaryTypeBinding.createMethod(Lorg/eclipse/jdt/internal/compiler/env/IBinaryMethod;Lorg/eclipse/jdt/internal/compiler/env/IBina
Event: 46.203 Thread 0x000001fe860e9800 DEOPT PACKING pc=0x000001fe93c1e26c sp=0x0000006a3d8fce40
Event: 46.203 Thread 0x000001fe860e9800 DEOPT UNPACKING pc=0x000001fe8b61912f sp=0x0000006a3d8fcde8 mode 2
Event: 46.209 Thread 0x000001fe860e9800 Uncommon trap: trap_request=0xffffffde fr.pc=0x000001fe931e5654 relative=0x0000000000000e14
Event: 46.209 Thread 0x000001fe860e9800 Uncommon trap: reason=class_check action=maybe_recompile pc=0x000001fe931e5654 method=jdk.internal.loader.URLClassPath.getLoader(I)Ljdk/internal/loader/URLClassPath$Loader; @ 88 c2
Event: 46.209 Thread 0x000001fe860e9800 DEOPT PACKING pc=0x000001fe931e5654 sp=0x0000006a3d8fd1b0
Event: 46.209 Thread 0x000001fe860e9800 DEOPT UNPACKING pc=0x000001fe8b61912f sp=0x0000006a3d8fd180 mode 2
Event: 46.216 Thread 0x000001fe860e9800 DEOPT PACKING pc=0x000001fe8cd62378 sp=0x0000006a3d8fc1f0
Event: 46.216 Thread 0x000001fe860e9800 DEOPT UNPACKING pc=0x000001fe8b61964e sp=0x0000006a3d8fb678 mode 0
Event: 46.234 Thread 0x000001fe860e9800 DEOPT PACKING pc=0x000001fe8cd62378 sp=0x0000006a3d8fc1f0
Event: 46.234 Thread 0x000001fe860e9800 DEOPT UNPACKING pc=0x000001fe8b61964e sp=0x0000006a3d8fb678 mode 0

Classes unloaded (0 events):
No events

Classes redefined (0 events):
No events

Internal exceptions (20 events):
Event: 44.633 Thread 0x000001fe860e9800 Exception <a 'java/lang/ArrayIndexOutOfBoundsException'{0x00000007106be238}> (0x00000007106be238) 
thrown [./open/src/hotspot/share/runtime/sharedRuntime.cpp, line 584]
Event: 44.634 Thread 0x000001fe860e9800 Exception <a 'java/lang/ArrayIndexOutOfBoundsException'{0x00000007106c1bb8}> (0x00000007106c1bb8) 
thrown [./open/src/hotspot/share/runtime/sharedRuntime.cpp, line 584]
Event: 44.635 Thread 0x000001fe860e9800 Exception <a 'java/lang/ArrayIndexOutOfBoundsException'{0x00000007106c4098}> (0x00000007106c4098) 
thrown [./open/src/hotspot/share/runtime/sharedRuntime.cpp, line 584]
Event: 44.635 Thread 0x000001fe860e9800 Exception <a 'java/lang/ArrayIndexOutOfBoundsException'{0x00000007106c52c0}> (0x00000007106c52c0) 
thrown [./open/src/hotspot/share/runtime/sharedRuntime.cpp, line 584]
Event: 44.636 Thread 0x000001fe860e9800 Exception <a 'java/lang/ArrayIndexOutOfBoundsException'{0x00000007106c84b0}> (0x00000007106c84b0) 
thrown [./open/src/hotspot/share/runtime/sharedRuntime.cpp, line 584]
Event: 44.641 Thread 0x000001fe860e9800 Exception <a 'java/lang/ArrayIndexOutOfBoundsException'{0x00000007106e0250}> (0x00000007106e0250) 
thrown [./open/src/hotspot/share/runtime/sharedRuntime.cpp, line 584]
Event: 44.643 Thread 0x000001fe860e9800 Exception <a 'java/lang/ArrayIndexOutOfBoundsException'{0x00000007106e54b0}> (0x00000007106e54b0) 
thrown [./open/src/hotspot/share/runtime/sharedRuntime.cpp, line 584]
Event: 44.644 Thread 0x000001fe860e9800 Exception <a 'java/lang/ArrayIndexOutOfBoundsException'{0x00000007106e6f70}> (0x00000007106e6f70) 
thrown [./open/src/hotspot/share/runtime/sharedRuntime.cpp, line 584]
Event: 44.644 Thread 0x000001fe860e9800 Exception <a 'java/lang/ArrayIndexOutOfBoundsException'{0x00000007106e8548}> (0x00000007106e8548) 
thrown [./open/src/hotspot/share/runtime/sharedRuntime.cpp, line 584]
Event: 44.644 Thread 0x000001fe860e9800 Exception <a 'java/lang/ArrayIndexOutOfBoundsException'{0x00000007106e9a30}> (0x00000007106e9a30) 
thrown [./open/src/hotspot/share/runtime/sharedRuntime.cpp, line 584]
Event: 44.645 Thread 0x000001fe860e9800 Exception <a 'java/lang/ArrayIndexOutOfBoundsException'{0x00000007106ebbc0}> (0x00000007106ebbc0) 
thrown [./open/src/hotspot/share/runtime/sharedRuntime.cpp, line 584]
Event: 44.645 Thread 0x000001fe860e9800 Exception <a 'java/lang/ArrayIndexOutOfBoundsException'{0x00000007106ed478}> (0x00000007106ed478) 
thrown [./open/src/hotspot/share/runtime/sharedRuntime.cpp, line 584]
Event: 44.646 Thread 0x000001fe860e9800 Exception <a 'java/lang/ArrayIndexOutOfBoundsException'{0x00000007106ef1f0}> (0x00000007106ef1f0) 
thrown [./open/src/hotspot/share/runtime/sharedRuntime.cpp, line 584]
Event: 44.647 Thread 0x000001fe860e9800 Exception <a 'java/lang/ArrayIndexOutOfBoundsException'{0x00000007106f2c60}> (0x00000007106f2c60) 
thrown [./open/src/hotspot/share/runtime/sharedRuntime.cpp, line 584]
Event: 44.647 Thread 0x000001fe860e9800 Exception <a 'java/lang/ArrayIndexOutOfBoundsException'{0x00000007106f4790}> (0x00000007106f4790) 
thrown [./open/src/hotspot/share/runtime/sharedRuntime.cpp, line 584]
Event: 44.824 Thread 0x000001fe860e9800 Implicit null exception at 0x000001fe936f9e1c to 0x000001fe936fa758
Event: 44.824 Thread 0x000001fe860e9800 Implicit null exception at 0x000001fe936faffb to 0x000001fe936fb8b0
Event: 45.675 Thread 0x000001fe860e9800 Exception <a 'java/lang/NoSuchMethodError'{0x0000000712a5faf0}: 'void java.lang.invoke.DirectMethodHandle$Holder.invokeVirtual(java.lang.Object, java.lang.Object, java.lang.Object, java.lang.Object)'> (0x0000000712a5faf0) 
thrown [./open/src/hotspot/share/interpreter/linkResolver.cpp, line 766]
Event: 46.190 Thread 0x000001fe860e9800 Exception <a 'java/lang/ArrayIndexOutOfBoundsException'{0x000000070ffa8e68}> (0x000000070ffa8e68) 
thrown [./open/src/hotspot/share/runtime/sharedRuntime.cpp, line 584]
Event: 46.190 Thread 0x000001fe860e9800 Implicit null exception at 0x000001fe93bbcea4 to 0x000001fe93bbe100

Events (20 events):
Event: 46.208 Executing VM operation: HandshakeOneThread done
Event: 46.208 Executing VM operation: HandshakeOneThread
Event: 46.208 Executing VM operation: HandshakeOneThread done
Event: 46.208 Executing VM operation: HandshakeOneThread
Event: 46.208 Executing VM operation: HandshakeOneThread done
Event: 46.208 Executing VM operation: HandshakeOneThread
Event: 46.208 Executing VM operation: HandshakeOneThread done
Event: 46.208 Executing VM operation: HandshakeOneThread
Event: 46.208 Executing VM operation: HandshakeOneThread done
Event: 46.208 Executing VM operation: HandshakeOneThread
Event: 46.208 Executing VM operation: HandshakeOneThread done
Event: 46.208 Executing VM operation: HandshakeOneThread
Event: 46.208 Executing VM operation: HandshakeOneThread done
Event: 46.208 Executing VM operation: HandshakeOneThread
Event: 46.208 Executing VM operation: HandshakeOneThread done
Event: 46.208 Executing VM operation: HandshakeOneThread
Event: 46.208 Executing VM operation: HandshakeOneThread done
Event: 46.208 Executing VM operation: BulkRevokeBias
Event: 46.209 Executing VM operation: BulkRevokeBias done
Event: 46.281 Executing VM operation: G1TryInitiateConcMark


Dynamic libraries:
0x00007ff7162b0000 - 0x00007ff7162bd000 	C:\Users\neil\.p2\pool\plugins\org.eclipse.justj.openjdk.hotspot.jre.full.win32.x86_64_14.0.2.v20200815-0932\jre\bin\javaw.exe
0x00007ffb72c70000 - 0x00007ffb72e66000 	C:\WINDOWS\SYSTEM32\ntdll.dll
0x00007ffb72720000 - 0x00007ffb727dd000 	C:\WINDOWS\System32\KERNEL32.DLL
0x00007ffb703f0000 - 0x00007ffb706b8000 	C:\WINDOWS\System32\KERNELBASE.dll
0x00007ffb70a50000 - 0x00007ffb70b50000 	C:\WINDOWS\System32\ucrtbase.dll
0x00007ffb6bed0000 - 0x00007ffb6bee8000 	C:\Users\neil\.p2\pool\plugins\org.eclipse.justj.openjdk.hotspot.jre.full.win32.x86_64_14.0.2.v20200815-0932\jre\bin\jli.dll
0x00007ffb66230000 - 0x00007ffb66245000 	C:\Users\neil\.p2\pool\plugins\org.eclipse.justj.openjdk.hotspot.jre.full.win32.x86_64_14.0.2.v20200815-0932\jre\bin\VCRUNTIME140.dll
0x00007ffb729f0000 - 0x00007ffb72b90000 	C:\WINDOWS\System32\USER32.dll
0x00007ffb532f0000 - 0x00007ffb5358b000 	C:\WINDOWS\WinSxS\amd64_microsoft.windows.common-controls_6595b64144ccf1df_6.0.19041.488_none_ca04af081b815d21\COMCTL32.dll
0x00007ffb706c0000 - 0x00007ffb706e2000 	C:\WINDOWS\System32\win32u.dll
0x00007ffb72b90000 - 0x00007ffb72c2e000 	C:\WINDOWS\System32\msvcrt.dll
0x00007ffb70d90000 - 0x00007ffb70dba000 	C:\WINDOWS\System32\GDI32.dll
0x00007ffb70bd0000 - 0x00007ffb70cd9000 	C:\WINDOWS\System32\gdi32full.dll
0x00007ffb709b0000 - 0x00007ffb70a4d000 	C:\WINDOWS\System32\msvcp_win.dll
0x00007ffb717b0000 - 0x00007ffb717e0000 	C:\WINDOWS\System32\IMM32.DLL
0x00007ffb38af0000 - 0x00007ffb38b8b000 	C:\Users\neil\.p2\pool\plugins\org.eclipse.justj.openjdk.hotspot.jre.full.win32.x86_64_14.0.2.v20200815-0932\jre\bin\msvcp140.dll
0x00007ffb33700000 - 0x00007ffb3421e000 	C:\Users\neil\.p2\pool\plugins\org.eclipse.justj.openjdk.hotspot.jre.full.win32.x86_64_14.0.2.v20200815-0932\jre\bin\server\jvm.dll
0x00007ffb70ce0000 - 0x00007ffb70d8a000 	C:\WINDOWS\System32\ADVAPI32.dll
0x00007ffb70e60000 - 0x00007ffb70efb000 	C:\WINDOWS\System32\sechost.dll
0x00007ffb70f60000 - 0x00007ffb71084000 	C:\WINDOWS\System32\RPCRT4.dll
0x00007ffb71660000 - 0x00007ffb71668000 	C:\WINDOWS\System32\PSAPI.DLL
0x00007ffb5a910000 - 0x00007ffb5a919000 	C:\WINDOWS\SYSTEM32\WSOCK32.dll
0x00007ffb60b20000 - 0x00007ffb60b47000 	C:\WINDOWS\SYSTEM32\WINMM.dll
0x00007ffb71670000 - 0x00007ffb716db000 	C:\WINDOWS\System32\WS2_32.dll
0x00007ffb6a1b0000 - 0x00007ffb6a1ba000 	C:\WINDOWS\SYSTEM32\VERSION.dll
0x00007ffb6e2f0000 - 0x00007ffb6e302000 	C:\WINDOWS\SYSTEM32\kernel.appcore.dll
0x00007ffb6dcd0000 - 0x00007ffb6dcda000 	C:\Users\neil\.p2\pool\plugins\org.eclipse.justj.openjdk.hotspot.jre.full.win32.x86_64_14.0.2.v20200815-0932\jre\bin\jimage.dll
0x00007ffb5d2e0000 - 0x00007ffb5d4c4000 	C:\WINDOWS\SYSTEM32\DBGHELP.DLL
0x00007ffb5cd40000 - 0x00007ffb5cd6c000 	C:\WINDOWS\SYSTEM32\dbgcore.DLL
0x00007ffb70b50000 - 0x00007ffb70bcf000 	C:\WINDOWS\System32\bcryptPrimitives.dll
0x00007ffb61680000 - 0x00007ffb616a5000 	C:\Users\neil\.p2\pool\plugins\org.eclipse.justj.openjdk.hotspot.jre.full.win32.x86_64_14.0.2.v20200815-0932\jre\bin\java.dll
0x00007ffb684d0000 - 0x00007ffb684e6000 	C:\Users\neil\.p2\pool\plugins\org.eclipse.justj.openjdk.hotspot.jre.full.win32.x86_64_14.0.2.v20200815-0932\jre\bin\zip.dll
0x00007ffb71ed0000 - 0x00007ffb72610000 	C:\WINDOWS\System32\SHELL32.dll
0x00007ffb6e4f0000 - 0x00007ffb6ec84000 	C:\WINDOWS\SYSTEM32\windows.storage.dll
0x00007ffb71090000 - 0x00007ffb713e5000 	C:\WINDOWS\System32\combase.dll
0x00007ffb6fd60000 - 0x00007ffb6fd8c000 	C:\WINDOWS\SYSTEM32\Wldp.dll
0x00007ffb71700000 - 0x00007ffb717ae000 	C:\WINDOWS\System32\SHCORE.dll
0x00007ffb715a0000 - 0x00007ffb715f5000 	C:\WINDOWS\System32\shlwapi.dll
0x00007ffb702f0000 - 0x00007ffb70316000 	C:\WINDOWS\SYSTEM32\profapi.dll
0x00007ffb662a0000 - 0x00007ffb662b9000 	C:\Users\neil\.p2\pool\plugins\org.eclipse.justj.openjdk.hotspot.jre.full.win32.x86_64_14.0.2.v20200815-0932\jre\bin\net.dll
0x00007ffb62350000 - 0x00007ffb62450000 	C:\WINDOWS\SYSTEM32\WINHTTP.dll
0x00007ffb6fa90000 - 0x00007ffb6fafa000 	C:\WINDOWS\system32\mswsock.dll
0x00007ffb65a60000 - 0x00007ffb65a72000 	C:\Users\neil\.p2\pool\plugins\org.eclipse.justj.openjdk.hotspot.jre.full.win32.x86_64_14.0.2.v20200815-0932\jre\bin\nio.dll
0x00007ffb6bf20000 - 0x00007ffb6bf30000 	C:\Users\neil\.p2\pool\plugins\org.eclipse.justj.openjdk.hotspot.jre.full.win32.x86_64_14.0.2.v20200815-0932\jre\bin\verify.dll
0x00007ffb6fc30000 - 0x00007ffb6fc48000 	C:\WINDOWS\SYSTEM32\CRYPTSP.dll
0x00007ffb6f430000 - 0x00007ffb6f464000 	C:\WINDOWS\system32\rsaenh.dll
0x00007ffb703c0000 - 0x00007ffb703e7000 	C:\WINDOWS\System32\bcrypt.dll
0x00007ffb702b0000 - 0x00007ffb702de000 	C:\WINDOWS\SYSTEM32\USERENV.dll
0x00007ffb6fc50000 - 0x00007ffb6fc5c000 	C:\WINDOWS\SYSTEM32\CRYPTBASE.dll
0x00007ffb6f790000 - 0x00007ffb6f7cb000 	C:\WINDOWS\SYSTEM32\IPHLPAPI.DLL
0x00007ffb716e0000 - 0x00007ffb716e9000 	C:\WINDOWS\System32\NSI.dll
0x00007ffb69d90000 - 0x00007ffb69da7000 	C:\WINDOWS\SYSTEM32\dhcpcsvc6.DLL
0x00007ffb6a9b0000 - 0x00007ffb6a9cd000 	C:\WINDOWS\SYSTEM32\dhcpcsvc.DLL
0x00007ffb6f7d0000 - 0x00007ffb6f89b000 	C:\WINDOWS\SYSTEM32\DNSAPI.dll
0x00007ffb68680000 - 0x00007ffb6868a000 	C:\Users\neil\AppData\Local\Temp\jansi-1.17.1-4301960787368578974.dll
0x00007ffb66220000 - 0x00007ffb6622a000 	C:\Users\neil\AppData\Local\Temp\jansi-1.17.1-12005992682218733774.dll
0x00007ffb6f0c0000 - 0x00007ffb6f0f3000 	C:\WINDOWS\SYSTEM32\ntmarta.dll
0x00007ffb661f0000 - 0x00007ffb661fe000 	C:\Users\neil\.p2\pool\plugins\org.eclipse.justj.openjdk.hotspot.jre.full.win32.x86_64_14.0.2.v20200815-0932\jre\bin\sunmscapi.dll
0x00007ffb707a0000 - 0x00007ffb708fd000 	C:\WINDOWS\System32\CRYPT32.dll
0x00007ffb6fdd0000 - 0x00007ffb6fdf7000 	C:\WINDOWS\SYSTEM32\ncrypt.dll
0x00007ffb6fd90000 - 0x00007ffb6fdcb000 	C:\WINDOWS\SYSTEM32\NTASN1.dll
0x00007ffb3a1e0000 - 0x00007ffb3a205000 	C:\Users\neil\.p2\pool\plugins\org.eclipse.justj.openjdk.hotspot.jre.full.win32.x86_64_14.0.2.v20200815-0932\jre\bin\sunec.dll
0x00007ffb60900000 - 0x00007ffb6090a000 	C:\Windows\System32\rasadhlp.dll
0x00007ffb68500000 - 0x00007ffb6857f000 	C:\WINDOWS\System32\fwpuclnt.dll

dbghelp: loaded successfully - version: 4.0.5 - missing functions: none
symbol engine: initialized successfully - sym options: 0x614 - pdb path: .;C:\Users\neil\.p2\pool\plugins\org.eclipse.justj.openjdk.hotspot.jre.full.win32.x86_64_14.0.2.v20200815-0932\jre\bin;C:\WINDOWS\SYSTEM32;C:\WINDOWS\WinSxS\amd64_microsoft.windows.common-controls_6595b64144ccf1df_6.0.19041.488_none_ca04af081b815d21;C:\Users\neil\.p2\pool\plugins\org.eclipse.justj.openjdk.hotspot.jre.full.win32.x86_64_14.0.2.v20200815-0932\jre\bin\server;C:\Users\neil\AppData\Local\Temp

VM Arguments:
jvm_args: -Dmaven.home=EMBEDDED -Dclassworlds.conf=C:\Users\neil\add_feature_extension\.metadata\.plugins\org.eclipse.m2e.launching\launches\m2conf4320320160251119426.tmp -Dmaven.multiModuleProjectDirectory=C:\Users\neil\git\efbt_change_file_extension\org.eclipse.efbt.controller -Dfile.encoding=Cp1252 -XX:+ShowCodeDetailsInExceptionMessages 
java_command: org.codehaus.plexus.classworlds.launcher.Launcher -B install
java_class_path (initial): C:\Users\neil\.p2\pool\plugins\org.eclipse.m2e.maven.runtime_1.16.0.20200610-1735\jars\plexus-classworlds-2.6.0.jar
Launcher Type: SUN_STANDARD

[Global flags]
     intx CICompilerCount                          = 4                                         {product} {ergonomic}
     uint ConcGCThreads                            = 2                                         {product} {ergonomic}
     uint G1ConcRefinementThreads                  = 8                                         {product} {ergonomic}
   size_t G1HeapRegionSize                         = 1048576                                   {product} {ergonomic}
    uintx GCDrainStackTargetSize                   = 64                                        {product} {ergonomic}
   size_t InitialHeapSize                          = 268435456                                 {product} {ergonomic}
   size_t MarkStackSize                            = 4194304                                   {product} {ergonomic}
   size_t MaxHeapSize                              = 4263510016                                {product} {ergonomic}
   size_t MaxNewSize                               = 2557476864                                {product} {ergonomic}
   size_t MinHeapDeltaBytes                        = 1048576                                   {product} {ergonomic}
   size_t MinHeapSize                              = 8388608                                   {product} {ergonomic}
    uintx NonNMethodCodeHeapSize                   = 5839372                                {pd product} {ergonomic}
    uintx NonProfiledCodeHeapSize                  = 122909434                              {pd product} {ergonomic}
    uintx ProfiledCodeHeapSize                     = 122909434                              {pd product} {ergonomic}
    uintx ReservedCodeCacheSize                    = 251658240                              {pd product} {ergonomic}
     bool SegmentedCodeCache                       = true                                      {product} {ergonomic}
     bool ShowCodeDetailsInExceptionMessages       = true                                   {manageable} {command line}
   size_t SoftMaxHeapSize                          = 4263510016                             {manageable} {ergonomic}
     bool UseCompressedClassPointers               = true                                 {lp64_product} {ergonomic}
     bool UseCompressedOops                        = true                                 {lp64_product} {ergonomic}
     bool UseG1GC                                  = true                                      {product} {ergonomic}
     bool UseLargePagesIndividualAllocation        = false                                  {pd product} {ergonomic}

Logging:
Log output configuration:
 #0: stdout all=warning uptime,level,tags
 #1: stderr all=off uptime,level,tags

Environment Variables:
JAVA_HOME=C:\Program Files\Java\jdk1.8.0_102
PATH=C:/Users/neil/.p2/pool/plugins/org.eclipse.justj.openjdk.hotspot.jre.full.win32.x86_64_14.0.2.v20200815-0932/jre/bin/server;C:/Users/neil/.p2/pool/plugins/org.eclipse.justj.openjdk.hotspot.jre.full.win32.x86_64_14.0.2.v20200815-0932/jre/bin;C:\Python39\Scripts\;C:\Python39\;C:\Program Files\AdoptOpenJDK\jdk-11.0.8.10-openj9\bin;C:\app\neil\product\18.0.0\dbhomeXE\bin;C:\ProgramData\Oracle\Java\javapath;C:\WINDOWS\system32;C:\WINDOWS;C:\WINDOWS\System32\Wbem;C:\WINDOWS\System32\WindowsPowerShell\v1.0\;C:\Program Files\Git\cmd;C:\WINDOWS\System32\OpenSSH\;C:\Program Files\dotnet\;C:\Program Files\Microsoft SQL Server\130\Tools\Binn\;C:\Users\neil\apache-maven-3.6.0-bin\apache-maven-3.6.0\bin;C:\Program Files\nodejs\;C:\ProgramData\chocolatey\bin;C:\Users\neil\AppData\Local\Microsoft\WindowsApps;C:\Program Files\Docker Toolbox;C:\Users\neil\AppData\Local\Google\Cloud SDK\google-cloud-sdk\bin;C:\Users\neil\AppData\Local\Programs\Microsoft VS Code\bin;C:\Users\neil\.dotnet\tools;C:\Users\neil\AppData\Local\Microsoft\WindowsApps;C:\Users\neil\apache-maven-3.6.0-bin\apache-maven-3.6.0\bin;C:\Users\neil\AppData\Roaming\npm;C:\eclipse-modeling-09\eclipse;
USERNAME=neil
OS=Windows_NT
PROCESSOR_IDENTIFIER=Intel64 Family 6 Model 94 Stepping 3, GenuineIntel



---------------  S Y S T E M  ---------------

OS: Windows 10 , 64 bit Build 19041 (10.0.19041.546)
OS uptime: 9 days 22:06 hours
HyperV virtualization detected

CPU:total 8 (initial active 8) (4 cores per cpu, 2 threads per core) family 6 model 94 stepping 3, cmov, cx8, fxsr, mmx, sse, sse2, sse3, ssse3, sse4.1, sse4.2, popcnt, avx, avx2, aes, clmul, erms, rtm, 3dnowpref, lzcnt, ht, tsc, tscinvbit, bmi1, bmi2, adx, fma

Memory: 4k page, system-wide physical 16262M (1819M free)
TotalPageFile size 20715M (AvailPageFile size 50M)
current process WorkingSet (physical memory assigned to process): 608M, peak: 608M
current process commit charge ("private bytes"): 653M, peak: 708M

vm_info: OpenJDK 64-Bit Server VM (14.0.2+12-46) for windows-amd64 JRE (14.0.2+12-46), built on Jul  9 2020 00:31:16 by "mach5one" with MS VC++ 15.9 (VS2017)

END.
